{"/Users/andresjurado/Documents/Proyecto/FrontEnd/conectamente-frontend/src/api/axiosConfig.ts": {"path":"/Users/andresjurado/Documents/Proyecto/FrontEnd/conectamente-frontend/src/api/axiosConfig.ts","statementMap":{"0":{"start":{"line":3,"column":12},"end":{"line":8,"column":null}},"1":{"start":{"line":11,"column":0},"end":{"line":22,"column":null}},"2":{"start":{"line":13,"column":18},"end":{"line":13,"column":null}},"3":{"start":{"line":14,"column":4},"end":{"line":16,"column":null}},"4":{"start":{"line":15,"column":6},"end":{"line":15,"column":null}},"5":{"start":{"line":17,"column":4},"end":{"line":17,"column":null}},"6":{"start":{"line":20,"column":4},"end":{"line":20,"column":null}},"7":{"start":{"line":25,"column":0},"end":{"line":35,"column":null}},"8":{"start":{"line":26,"column":31},"end":{"line":26,"column":null}},"9":{"start":{"line":28,"column":4},"end":{"line":32,"column":null}},"10":{"start":{"line":29,"column":6},"end":{"line":29,"column":null}},"11":{"start":{"line":30,"column":6},"end":{"line":30,"column":null}},"12":{"start":{"line":31,"column":6},"end":{"line":31,"column":null}},"13":{"start":{"line":33,"column":4},"end":{"line":33,"column":null}}},"fnMap":{"0":{"name":"(anonymous_0)","decl":{"start":{"line":11,"column":25},"end":{"line":11,"column":null}},"loc":{"start":{"line":12,"column":70},"end":{"line":18,"column":null}},"line":12},"1":{"name":"(anonymous_1)","decl":{"start":{"line":18,"column":2},"end":{"line":18,"column":null}},"loc":{"start":{"line":19,"column":46},"end":{"line":21,"column":null}},"line":19},"2":{"name":"(anonymous_2)","decl":{"start":{"line":25,"column":26},"end":{"line":25,"column":null}},"loc":{"start":{"line":26,"column":31},"end":{"line":26,"column":null}},"line":26},"3":{"name":"(anonymous_3)","decl":{"start":{"line":26,"column":31},"end":{"line":26,"column":null}},"loc":{"start":{"line":27,"column":46},"end":{"line":34,"column":null}},"line":27}},"branchMap":{"0":{"loc":{"start":{"line":4,"column":12},"end":{"line":4,"column":null}},"type":"binary-expr","locations":[{"start":{"line":4,"column":12},"end":{"line":4,"column":55}},{"start":{"line":4,"column":55},"end":{"line":4,"column":null}}],"line":4},"1":{"loc":{"start":{"line":14,"column":4},"end":{"line":16,"column":null}},"type":"if","locations":[{"start":{"line":14,"column":4},"end":{"line":16,"column":null}},{"start":{},"end":{}}],"line":14},"2":{"loc":{"start":{"line":14,"column":8},"end":{"line":14,"column":33}},"type":"binary-expr","locations":[{"start":{"line":14,"column":8},"end":{"line":14,"column":17}},{"start":{"line":14,"column":17},"end":{"line":14,"column":33}}],"line":14},"3":{"loc":{"start":{"line":28,"column":4},"end":{"line":32,"column":null}},"type":"if","locations":[{"start":{"line":28,"column":4},"end":{"line":32,"column":null}},{"start":{},"end":{}}],"line":28},"4":{"loc":{"start":{"line":28,"column":8},"end":{"line":28,"column":57}},"type":"binary-expr","locations":[{"start":{"line":28,"column":8},"end":{"line":28,"column":26}},{"start":{"line":28,"column":26},"end":{"line":28,"column":57}}],"line":28}},"s":{"0":2,"1":2,"2":2,"3":2,"4":1,"5":2,"6":0,"7":2,"8":0,"9":1,"10":1,"11":1,"12":1,"13":1},"f":{"0":2,"1":0,"2":0,"3":1},"b":{"0":[2,0],"1":[1,1],"2":[2,1],"3":[1,0],"4":[1,1]},"meta":{"lastBranch":5,"lastFunction":4,"lastStatement":14,"seen":{"s:3:12:8:Infinity":0,"b:4:12:4:55:4:55:4:Infinity":0,"s:11:0:22:Infinity":1,"f:11:25:11:Infinity":0,"s:13:18:13:Infinity":2,"b:14:4:16:Infinity:undefined:undefined:undefined:undefined":1,"s:14:4:16:Infinity":3,"b:14:8:14:17:14:17:14:33":2,"s:15:6:15:Infinity":4,"s:17:4:17:Infinity":5,"f:18:2:18:Infinity":1,"s:20:4:20:Infinity":6,"s:25:0:35:Infinity":7,"f:25:26:25:Infinity":2,"s:26:31:26:Infinity":8,"f:26:31:26:Infinity":3,"b:28:4:32:Infinity:undefined:undefined:undefined:undefined":3,"s:28:4:32:Infinity":9,"b:28:8:28:26:28:26:28:57":4,"s:29:6:29:Infinity":10,"s:30:6:30:Infinity":11,"s:31:6:31:Infinity":12,"s:33:4:33:Infinity":13},"fnNames":{}}}
,"/Users/andresjurado/Documents/Proyecto/FrontEnd/conectamente-frontend/src/components/FormPaciente.tsx": {"path":"/Users/andresjurado/Documents/Proyecto/FrontEnd/conectamente-frontend/src/components/FormPaciente.tsx","statementMap":{"0":{"start":{"line":14,"column":21},"end":{"line":14,"column":null}},"1":{"start":{"line":16,"column":6},"end":{"line":129,"column":null}},"2":{"start":{"line":17,"column":59},"end":{"line":32,"column":null}},"3":{"start":{"line":34,"column":2},"end":{"line":127,"column":null}},"4":{"start":{"line":40,"column":79},"end":{"line":40,"column":123}},"5":{"start":{"line":45,"column":81},"end":{"line":45,"column":125}},"6":{"start":{"line":50,"column":78},"end":{"line":50,"column":134}},"7":{"start":{"line":61,"column":16},"end":{"line":66,"column":null}},"8":{"start":{"line":65,"column":47},"end":{"line":65,"column":null}},"9":{"start":{"line":77,"column":16},"end":{"line":81,"column":null}},"10":{"start":{"line":88,"column":82},"end":{"line":88,"column":130}},"11":{"start":{"line":93,"column":83},"end":{"line":93,"column":123}},"12":{"start":{"line":100,"column":97},"end":{"line":100,"column":120}},"13":{"start":{"line":105,"column":91},"end":{"line":105,"column":114}},"14":{"start":{"line":112,"column":94},"end":{"line":112,"column":129}},"15":{"start":{"line":117,"column":92},"end":{"line":117,"column":127}}},"fnMap":{"0":{"name":"(anonymous_0)","decl":{"start":{"line":16,"column":6},"end":{"line":16,"column":51}},"loc":{"start":{"line":16,"column":92},"end":{"line":129,"column":null}},"line":16},"1":{"name":"(anonymous_1)","decl":{"start":{"line":40,"column":56},"end":{"line":40,"column":65}},"loc":{"start":{"line":40,"column":79},"end":{"line":40,"column":123}},"line":40},"2":{"name":"(anonymous_2)","decl":{"start":{"line":45,"column":58},"end":{"line":45,"column":67}},"loc":{"start":{"line":45,"column":81},"end":{"line":45,"column":125}},"line":45},"3":{"name":"(anonymous_3)","decl":{"start":{"line":50,"column":55},"end":{"line":50,"column":64}},"loc":{"start":{"line":50,"column":78},"end":{"line":50,"column":134}},"line":50},"4":{"name":"(anonymous_4)","decl":{"start":{"line":60,"column":14},"end":{"line":60,"column":23}},"loc":{"start":{"line":61,"column":16},"end":{"line":66,"column":null}},"line":61},"5":{"name":"(anonymous_5)","decl":{"start":{"line":65,"column":18},"end":{"line":65,"column":29}},"loc":{"start":{"line":65,"column":47},"end":{"line":65,"column":null}},"line":65},"6":{"name":"(anonymous_6)","decl":{"start":{"line":76,"column":14},"end":{"line":76,"column":23}},"loc":{"start":{"line":77,"column":16},"end":{"line":81,"column":null}},"line":77},"7":{"name":"(anonymous_7)","decl":{"start":{"line":88,"column":59},"end":{"line":88,"column":68}},"loc":{"start":{"line":88,"column":82},"end":{"line":88,"column":130}},"line":88},"8":{"name":"(anonymous_8)","decl":{"start":{"line":93,"column":60},"end":{"line":93,"column":69}},"loc":{"start":{"line":93,"column":83},"end":{"line":93,"column":123}},"line":93},"9":{"name":"(anonymous_9)","decl":{"start":{"line":100,"column":74},"end":{"line":100,"column":83}},"loc":{"start":{"line":100,"column":97},"end":{"line":100,"column":120}},"line":100},"10":{"name":"(anonymous_10)","decl":{"start":{"line":105,"column":68},"end":{"line":105,"column":77}},"loc":{"start":{"line":105,"column":91},"end":{"line":105,"column":114}},"line":105},"11":{"name":"(anonymous_11)","decl":{"start":{"line":112,"column":71},"end":{"line":112,"column":80}},"loc":{"start":{"line":112,"column":94},"end":{"line":112,"column":129}},"line":112},"12":{"name":"(anonymous_12)","decl":{"start":{"line":117,"column":69},"end":{"line":117,"column":78}},"loc":{"start":{"line":117,"column":92},"end":{"line":117,"column":127}},"line":117}},"branchMap":{"0":{"loc":{"start":{"line":20,"column":14},"end":{"line":20,"column":null}},"type":"binary-expr","locations":[{"start":{"line":20,"column":14},"end":{"line":20,"column":39}},{"start":{"line":20,"column":39},"end":{"line":20,"column":null}}],"line":20},"1":{"loc":{"start":{"line":21,"column":16},"end":{"line":21,"column":null}},"type":"binary-expr","locations":[{"start":{"line":21,"column":16},"end":{"line":21,"column":43}},{"start":{"line":21,"column":43},"end":{"line":21,"column":null}}],"line":21},"2":{"loc":{"start":{"line":22,"column":13},"end":{"line":22,"column":null}},"type":"binary-expr","locations":[{"start":{"line":22,"column":13},"end":{"line":22,"column":37}},{"start":{"line":22,"column":37},"end":{"line":22,"column":null}}],"line":22},"3":{"loc":{"start":{"line":23,"column":23},"end":{"line":23,"column":null}},"type":"binary-expr","locations":[{"start":{"line":23,"column":23},"end":{"line":23,"column":57}},{"start":{"line":23,"column":57},"end":{"line":23,"column":null}}],"line":23},"4":{"loc":{"start":{"line":24,"column":14},"end":{"line":24,"column":null}},"type":"binary-expr","locations":[{"start":{"line":24,"column":14},"end":{"line":24,"column":39}},{"start":{"line":24,"column":39},"end":{"line":24,"column":null}}],"line":24},"5":{"loc":{"start":{"line":25,"column":17},"end":{"line":25,"column":null}},"type":"binary-expr","locations":[{"start":{"line":25,"column":17},"end":{"line":25,"column":45}},{"start":{"line":25,"column":45},"end":{"line":25,"column":null}}],"line":25},"6":{"loc":{"start":{"line":26,"column":26},"end":{"line":26,"column":null}},"type":"binary-expr","locations":[{"start":{"line":26,"column":26},"end":{"line":26,"column":63}},{"start":{"line":26,"column":63},"end":{"line":26,"column":null}}],"line":26},"7":{"loc":{"start":{"line":27,"column":32},"end":{"line":27,"column":null}},"type":"binary-expr","locations":[{"start":{"line":27,"column":32},"end":{"line":27,"column":75}},{"start":{"line":27,"column":75},"end":{"line":27,"column":null}}],"line":27},"8":{"loc":{"start":{"line":28,"column":18},"end":{"line":28,"column":null}},"type":"binary-expr","locations":[{"start":{"line":28,"column":18},"end":{"line":28,"column":47}},{"start":{"line":28,"column":47},"end":{"line":28,"column":null}}],"line":28},"9":{"loc":{"start":{"line":29,"column":27},"end":{"line":29,"column":null}},"type":"binary-expr","locations":[{"start":{"line":29,"column":27},"end":{"line":29,"column":65}},{"start":{"line":29,"column":65},"end":{"line":29,"column":null}}],"line":29},"10":{"loc":{"start":{"line":30,"column":29},"end":{"line":30,"column":null}},"type":"binary-expr","locations":[{"start":{"line":30,"column":29},"end":{"line":30,"column":69}},{"start":{"line":30,"column":69},"end":{"line":30,"column":null}}],"line":30},"11":{"loc":{"start":{"line":39,"column":52},"end":{"line":39,"column":82}},"type":"cond-expr","locations":[{"start":{"line":39,"column":68},"end":{"line":39,"column":78}},{"start":{"line":39,"column":78},"end":{"line":39,"column":82}}],"line":39},"12":{"loc":{"start":{"line":44,"column":54},"end":{"line":44,"column":86}},"type":"cond-expr","locations":[{"start":{"line":44,"column":72},"end":{"line":44,"column":82}},{"start":{"line":44,"column":82},"end":{"line":44,"column":86}}],"line":44},"13":{"loc":{"start":{"line":49,"column":64},"end":{"line":49,"column":93}},"type":"cond-expr","locations":[{"start":{"line":49,"column":79},"end":{"line":49,"column":89}},{"start":{"line":49,"column":89},"end":{"line":49,"column":93}}],"line":49},"14":{"loc":{"start":{"line":56,"column":65},"end":{"line":56,"column":104}},"type":"cond-expr","locations":[{"start":{"line":56,"column":90},"end":{"line":56,"column":100}},{"start":{"line":56,"column":100},"end":{"line":56,"column":104}}],"line":56},"15":{"loc":{"start":{"line":64,"column":25},"end":{"line":64,"column":null}},"type":"cond-expr","locations":[{"start":{"line":64,"column":39},"end":{"line":64,"column":60}},{"start":{"line":64,"column":60},"end":{"line":64,"column":null}}],"line":64},"16":{"loc":{"start":{"line":87,"column":55},"end":{"line":87,"column":88}},"type":"cond-expr","locations":[{"start":{"line":87,"column":74},"end":{"line":87,"column":84}},{"start":{"line":87,"column":84},"end":{"line":87,"column":88}}],"line":87},"17":{"loc":{"start":{"line":99,"column":77},"end":{"line":99,"column":125}},"type":"cond-expr","locations":[{"start":{"line":99,"column":111},"end":{"line":99,"column":121}},{"start":{"line":99,"column":121},"end":{"line":99,"column":125}}],"line":99},"18":{"loc":{"start":{"line":104,"column":68},"end":{"line":104,"column":110}},"type":"cond-expr","locations":[{"start":{"line":104,"column":96},"end":{"line":104,"column":106}},{"start":{"line":104,"column":106},"end":{"line":104,"column":110}}],"line":104}},"s":{"0":1,"1":1,"2":15,"3":15,"4":21,"5":25,"6":44,"7":15,"8":0,"9":15,"10":15,"11":15,"12":15,"13":15,"14":15,"15":15},"f":{"0":15,"1":21,"2":25,"3":44,"4":15,"5":0,"6":15,"7":15,"8":15,"9":15,"10":15,"11":15,"12":15},"b":{"0":[15,13],"1":[15,13],"2":[15,13],"3":[15,15],"4":[15,15],"5":[15,15],"6":[15,15],"7":[15,15],"8":[15,15],"9":[15,15],"10":[15,15],"11":[1,14],"12":[1,14],"13":[2,13],"14":[0,15],"15":[0,15],"16":[0,15],"17":[0,15],"18":[0,15]},"meta":{"lastBranch":19,"lastFunction":13,"lastStatement":16,"seen":{"s:14:21:14:Infinity":0,"s:16:6:129:Infinity":1,"f:16:6:16:51":0,"s:17:59:32:Infinity":2,"b:20:14:20:39:20:39:20:Infinity":0,"b:21:16:21:43:21:43:21:Infinity":1,"b:22:13:22:37:22:37:22:Infinity":2,"b:23:23:23:57:23:57:23:Infinity":3,"b:24:14:24:39:24:39:24:Infinity":4,"b:25:17:25:45:25:45:25:Infinity":5,"b:26:26:26:63:26:63:26:Infinity":6,"b:27:32:27:75:27:75:27:Infinity":7,"b:28:18:28:47:28:47:28:Infinity":8,"b:29:27:29:65:29:65:29:Infinity":9,"b:30:29:30:69:30:69:30:Infinity":10,"s:34:2:127:Infinity":3,"b:39:68:39:78:39:78:39:82":11,"f:40:56:40:65":1,"s:40:79:40:123":4,"b:44:72:44:82:44:82:44:86":12,"f:45:58:45:67":2,"s:45:81:45:125":5,"b:49:79:49:89:49:89:49:93":13,"f:50:55:50:64":3,"s:50:78:50:134":6,"b:56:90:56:100:56:100:56:104":14,"f:60:14:60:23":4,"s:61:16:66:Infinity":7,"b:64:39:64:60:64:60:64:Infinity":15,"f:65:18:65:29":5,"s:65:47:65:Infinity":8,"f:76:14:76:23":6,"s:77:16:81:Infinity":9,"b:87:74:87:84:87:84:87:88":16,"f:88:59:88:68":7,"s:88:82:88:130":10,"f:93:60:93:69":8,"s:93:83:93:123":11,"b:99:111:99:121:99:121:99:125":17,"f:100:74:100:83":9,"s:100:97:100:120":12,"b:104:96:104:106:104:106:104:110":18,"f:105:68:105:77":10,"s:105:91:105:114":13,"f:112:71:112:80":11,"s:112:94:112:129":14,"f:117:69:117:78":12,"s:117:92:117:127":15},"fnNames":{}}}
,"/Users/andresjurado/Documents/Proyecto/FrontEnd/conectamente-frontend/src/components/FormPsicologo.tsx": {"path":"/Users/andresjurado/Documents/Proyecto/FrontEnd/conectamente-frontend/src/components/FormPsicologo.tsx","statementMap":{"0":{"start":{"line":14,"column":6},"end":{"line":112,"column":null}},"1":{"start":{"line":15,"column":46},"end":{"line":15,"column":null}},"2":{"start":{"line":17,"column":2},"end":{"line":28,"column":null}},"3":{"start":{"line":18,"column":41},"end":{"line":26,"column":null}},"4":{"start":{"line":19,"column":6},"end":{"line":25,"column":null}},"5":{"start":{"line":20,"column":21},"end":{"line":20,"column":null}},"6":{"start":{"line":21,"column":8},"end":{"line":21,"column":null}},"7":{"start":{"line":23,"column":8},"end":{"line":23,"column":null}},"8":{"start":{"line":24,"column":8},"end":{"line":24,"column":null}},"9":{"start":{"line":27,"column":4},"end":{"line":27,"column":null}},"10":{"start":{"line":30,"column":59},"end":{"line":41,"column":null}},"11":{"start":{"line":43,"column":20},"end":{"line":43,"column":null}},"12":{"start":{"line":45,"column":2},"end":{"line":110,"column":null}},"13":{"start":{"line":51,"column":79},"end":{"line":51,"column":137}},"14":{"start":{"line":56,"column":81},"end":{"line":56,"column":141}},"15":{"start":{"line":61,"column":78},"end":{"line":61,"column":165}},"16":{"start":{"line":69,"column":83},"end":{"line":69,"column":138}},"17":{"start":{"line":81,"column":16},"end":{"line":88,"column":null}},"18":{"start":{"line":87,"column":52},"end":{"line":87,"column":85}},"19":{"start":{"line":95,"column":92},"end":{"line":95,"column":141}},"20":{"start":{"line":100,"column":81},"end":{"line":100,"column":129}}},"fnMap":{"0":{"name":"(anonymous_0)","decl":{"start":{"line":14,"column":6},"end":{"line":14,"column":53}},"loc":{"start":{"line":14,"column":94},"end":{"line":112,"column":null}},"line":14},"1":{"name":"(anonymous_1)","decl":{"start":{"line":17,"column":2},"end":{"line":17,"column":18}},"loc":{"start":{"line":17,"column":18},"end":{"line":28,"column":5}},"line":17},"2":{"name":"(anonymous_2)","decl":{"start":{"line":18,"column":41},"end":{"line":18,"column":53}},"loc":{"start":{"line":18,"column":53},"end":{"line":26,"column":null}},"line":18},"3":{"name":"(anonymous_3)","decl":{"start":{"line":51,"column":56},"end":{"line":51,"column":65}},"loc":{"start":{"line":51,"column":79},"end":{"line":51,"column":137}},"line":51},"4":{"name":"(anonymous_4)","decl":{"start":{"line":56,"column":58},"end":{"line":56,"column":67}},"loc":{"start":{"line":56,"column":81},"end":{"line":56,"column":141}},"line":56},"5":{"name":"(anonymous_5)","decl":{"start":{"line":61,"column":55},"end":{"line":61,"column":64}},"loc":{"start":{"line":61,"column":78},"end":{"line":61,"column":165}},"line":61},"6":{"name":"(anonymous_6)","decl":{"start":{"line":69,"column":60},"end":{"line":69,"column":69}},"loc":{"start":{"line":69,"column":83},"end":{"line":69,"column":138}},"line":69},"7":{"name":"(anonymous_7)","decl":{"start":{"line":80,"column":14},"end":{"line":80,"column":23}},"loc":{"start":{"line":81,"column":16},"end":{"line":88,"column":null}},"line":81},"8":{"name":"(anonymous_8)","decl":{"start":{"line":87,"column":42},"end":{"line":87,"column":46}},"loc":{"start":{"line":87,"column":52},"end":{"line":87,"column":85}},"line":87},"9":{"name":"(anonymous_9)","decl":{"start":{"line":95,"column":69},"end":{"line":95,"column":78}},"loc":{"start":{"line":95,"column":92},"end":{"line":95,"column":141}},"line":95},"10":{"name":"(anonymous_10)","decl":{"start":{"line":100,"column":58},"end":{"line":100,"column":67}},"loc":{"start":{"line":100,"column":81},"end":{"line":100,"column":129}},"line":100}},"branchMap":{"0":{"loc":{"start":{"line":33,"column":14},"end":{"line":33,"column":null}},"type":"binary-expr","locations":[{"start":{"line":33,"column":14},"end":{"line":33,"column":39}},{"start":{"line":33,"column":39},"end":{"line":33,"column":null}}],"line":33},"1":{"loc":{"start":{"line":34,"column":16},"end":{"line":34,"column":null}},"type":"binary-expr","locations":[{"start":{"line":34,"column":16},"end":{"line":34,"column":43}},{"start":{"line":34,"column":43},"end":{"line":34,"column":null}}],"line":34},"2":{"loc":{"start":{"line":35,"column":13},"end":{"line":35,"column":null}},"type":"binary-expr","locations":[{"start":{"line":35,"column":13},"end":{"line":35,"column":37}},{"start":{"line":35,"column":37},"end":{"line":35,"column":null}}],"line":35},"3":{"loc":{"start":{"line":37,"column":25},"end":{"line":37,"column":null}},"type":"binary-expr","locations":[{"start":{"line":37,"column":25},"end":{"line":37,"column":61}},{"start":{"line":37,"column":61},"end":{"line":37,"column":null}}],"line":37},"4":{"loc":{"start":{"line":38,"column":27},"end":{"line":38,"column":null}},"type":"binary-expr","locations":[{"start":{"line":38,"column":27},"end":{"line":38,"column":65}},{"start":{"line":38,"column":65},"end":{"line":38,"column":null}}],"line":38},"5":{"loc":{"start":{"line":39,"column":16},"end":{"line":39,"column":null}},"type":"binary-expr","locations":[{"start":{"line":39,"column":16},"end":{"line":39,"column":43}},{"start":{"line":39,"column":43},"end":{"line":39,"column":null}}],"line":39},"6":{"loc":{"start":{"line":50,"column":52},"end":{"line":50,"column":82}},"type":"cond-expr","locations":[{"start":{"line":50,"column":68},"end":{"line":50,"column":78}},{"start":{"line":50,"column":78},"end":{"line":50,"column":82}}],"line":50},"7":{"loc":{"start":{"line":55,"column":54},"end":{"line":55,"column":86}},"type":"cond-expr","locations":[{"start":{"line":55,"column":72},"end":{"line":55,"column":82}},{"start":{"line":55,"column":82},"end":{"line":55,"column":86}}],"line":55},"8":{"loc":{"start":{"line":60,"column":64},"end":{"line":60,"column":93}},"type":"cond-expr","locations":[{"start":{"line":60,"column":79},"end":{"line":60,"column":89}},{"start":{"line":60,"column":89},"end":{"line":60,"column":93}}],"line":60},"9":{"loc":{"start":{"line":66,"column":9},"end":{"line":71,"column":null}},"type":"binary-expr","locations":[{"start":{"line":66,"column":9},"end":{"line":66,"column":null}},{"start":{"line":67,"column":10},"end":{"line":71,"column":null}}],"line":66},"10":{"loc":{"start":{"line":68,"column":67},"end":{"line":68,"column":99}},"type":"cond-expr","locations":[{"start":{"line":68,"column":85},"end":{"line":68,"column":95}},{"start":{"line":68,"column":95},"end":{"line":68,"column":99}}],"line":68},"11":{"loc":{"start":{"line":76,"column":69},"end":{"line":76,"column":110}},"type":"cond-expr","locations":[{"start":{"line":76,"column":96},"end":{"line":76,"column":106}},{"start":{"line":76,"column":106},"end":{"line":76,"column":110}}],"line":76},"12":{"loc":{"start":{"line":94,"column":77},"end":{"line":94,"column":120}},"type":"cond-expr","locations":[{"start":{"line":94,"column":106},"end":{"line":94,"column":116}},{"start":{"line":94,"column":116},"end":{"line":94,"column":120}}],"line":94},"13":{"loc":{"start":{"line":99,"column":66},"end":{"line":99,"column":98}},"type":"cond-expr","locations":[{"start":{"line":99,"column":84},"end":{"line":99,"column":94}},{"start":{"line":99,"column":94},"end":{"line":99,"column":98}}],"line":99}},"s":{"0":3,"1":20,"2":20,"3":7,"4":7,"5":7,"6":6,"7":1,"8":1,"9":7,"10":20,"11":20,"12":20,"13":25,"14":25,"15":42,"16":18,"17":20,"18":12,"19":20,"20":20},"f":{"0":20,"1":7,"2":7,"3":25,"4":25,"5":42,"6":18,"7":20,"8":12,"9":20,"10":20},"b":{"0":[20,18],"1":[20,20],"2":[20,18],"3":[20,20],"4":[20,20],"5":[20,20],"6":[2,18],"7":[2,18],"8":[2,18],"9":[20,18],"10":[0,18],"11":[0,20],"12":[1,19],"13":[1,19]},"meta":{"lastBranch":14,"lastFunction":11,"lastStatement":21,"seen":{"s:14:6:112:Infinity":0,"f:14:6:14:53":0,"s:15:46:15:Infinity":1,"s:17:2:28:Infinity":2,"f:17:2:17:18":1,"s:18:41:26:Infinity":3,"f:18:41:18:53":2,"s:19:6:25:Infinity":4,"s:20:21:20:Infinity":5,"s:21:8:21:Infinity":6,"s:23:8:23:Infinity":7,"s:24:8:24:Infinity":8,"s:27:4:27:Infinity":9,"s:30:59:41:Infinity":10,"b:33:14:33:39:33:39:33:Infinity":0,"b:34:16:34:43:34:43:34:Infinity":1,"b:35:13:35:37:35:37:35:Infinity":2,"b:37:25:37:61:37:61:37:Infinity":3,"b:38:27:38:65:38:65:38:Infinity":4,"b:39:16:39:43:39:43:39:Infinity":5,"s:43:20:43:Infinity":11,"s:45:2:110:Infinity":12,"b:50:68:50:78:50:78:50:82":6,"f:51:56:51:65":3,"s:51:79:51:137":13,"b:55:72:55:82:55:82:55:86":7,"f:56:58:56:67":4,"s:56:81:56:141":14,"b:60:79:60:89:60:89:60:93":8,"f:61:55:61:64":5,"s:61:78:61:165":15,"b:66:9:66:Infinity:67:10:71:Infinity":9,"b:68:85:68:95:68:95:68:99":10,"f:69:60:69:69":6,"s:69:83:69:138":16,"b:76:96:76:106:76:106:76:110":11,"f:80:14:80:23":7,"s:81:16:88:Infinity":17,"f:87:42:87:46":8,"s:87:52:87:85":18,"b:94:106:94:116:94:116:94:120":12,"f:95:69:95:78":9,"s:95:92:95:141":19,"b:99:84:99:94:99:94:99:98":13,"f:100:58:100:67":10,"s:100:81:100:129":20},"fnNames":{}}}
,"/Users/andresjurado/Documents/Proyecto/FrontEnd/conectamente-frontend/src/components/Logo.tsx": {"path":"/Users/andresjurado/Documents/Proyecto/FrontEnd/conectamente-frontend/src/components/Logo.tsx","statementMap":{"0":{"start":{"line":11,"column":6},"end":{"line":75,"column":null}},"1":{"start":{"line":18,"column":2},"end":{"line":73,"column":null}}},"fnMap":{"0":{"name":"(anonymous_0)","decl":{"start":{"line":11,"column":6},"end":{"line":11,"column":35}},"loc":{"start":{"line":17,"column":6},"end":{"line":75,"column":null}},"line":17}},"branchMap":{"0":{"loc":{"start":{"line":12,"column":2},"end":{"line":12,"column":null}},"type":"default-arg","locations":[{"start":{"line":12,"column":9},"end":{"line":12,"column":null}}],"line":12},"1":{"loc":{"start":{"line":13,"column":2},"end":{"line":13,"column":null}},"type":"default-arg","locations":[{"start":{"line":13,"column":13},"end":{"line":13,"column":null}}],"line":13},"2":{"loc":{"start":{"line":14,"column":2},"end":{"line":14,"column":null}},"type":"default-arg","locations":[{"start":{"line":14,"column":14},"end":{"line":14,"column":null}}],"line":14},"3":{"loc":{"start":{"line":15,"column":2},"end":{"line":15,"column":null}},"type":"default-arg","locations":[{"start":{"line":15,"column":16},"end":{"line":15,"column":null}}],"line":15},"4":{"loc":{"start":{"line":25,"column":16},"end":{"line":25,"column":null}},"type":"cond-expr","locations":[{"start":{"line":25,"column":26},"end":{"line":25,"column":38}},{"start":{"line":25,"column":38},"end":{"line":25,"column":null}}],"line":25},"5":{"loc":{"start":{"line":67,"column":7},"end":{"line":73,"column":null}},"type":"binary-expr","locations":[{"start":{"line":67,"column":7},"end":{"line":67,"column":null}},{"start":{"line":68,"column":8},"end":{"line":73,"column":null}}],"line":67}},"s":{"0":0,"1":0},"f":{"0":0},"b":{"0":[0],"1":[0],"2":[0],"3":[0],"4":[0,0],"5":[0,0]},"meta":{"lastBranch":6,"lastFunction":1,"lastStatement":2,"seen":{"s:11:6:75:Infinity":0,"f:11:6:11:35":0,"b:12:9:12:Infinity":0,"b:13:13:13:Infinity":1,"b:14:14:14:Infinity":2,"b:15:16:15:Infinity":3,"s:18:2:73:Infinity":1,"b:25:26:25:38:25:38:25:Infinity":4,"b:67:7:67:Infinity:68:8:73:Infinity":5},"fnNames":{}}}
,"/Users/andresjurado/Documents/Proyecto/FrontEnd/conectamente-frontend/src/components/NotificationBell.tsx": {"path":"/Users/andresjurado/Documents/Proyecto/FrontEnd/conectamente-frontend/src/components/NotificationBell.tsx","statementMap":{"0":{"start":{"line":7,"column":15},"end":{"line":12,"column":null}},"1":{"start":{"line":14,"column":25},"end":{"line":14,"column":null}},"2":{"start":{"line":16,"column":6},"end":{"line":26,"column":null}},"3":{"start":{"line":17,"column":2},"end":{"line":17,"column":null}},"4":{"start":{"line":17,"column":17},"end":{"line":17,"column":null}},"5":{"start":{"line":18,"column":17},"end":{"line":18,"column":null}},"6":{"start":{"line":19,"column":14},"end":{"line":19,"column":null}},"7":{"start":{"line":20,"column":2},"end":{"line":20,"column":null}},"8":{"start":{"line":20,"column":15},"end":{"line":20,"column":null}},"9":{"start":{"line":21,"column":2},"end":{"line":21,"column":null}},"10":{"start":{"line":21,"column":16},"end":{"line":21,"column":null}},"11":{"start":{"line":22,"column":16},"end":{"line":22,"column":null}},"12":{"start":{"line":23,"column":2},"end":{"line":23,"column":null}},"13":{"start":{"line":23,"column":18},"end":{"line":23,"column":null}},"14":{"start":{"line":24,"column":15},"end":{"line":24,"column":null}},"15":{"start":{"line":25,"column":2},"end":{"line":25,"column":null}},"16":{"start":{"line":28,"column":6},"end":{"line":132,"column":null}},"17":{"start":{"line":29,"column":19},"end":{"line":29,"column":27}},"18":{"start":{"line":30,"column":46},"end":{"line":30,"column":null}},"19":{"start":{"line":31,"column":32},"end":{"line":31,"column":null}},"20":{"start":{"line":32,"column":26},"end":{"line":32,"column":null}},"21":{"start":{"line":33,"column":18},"end":{"line":33,"column":null}},"22":{"start":{"line":35,"column":17},"end":{"line":50,"column":null}},"23":{"start":{"line":36,"column":4},"end":{"line":36,"column":null}},"24":{"start":{"line":36,"column":19},"end":{"line":36,"column":null}},"25":{"start":{"line":37,"column":4},"end":{"line":37,"column":null}},"26":{"start":{"line":37,"column":24},"end":{"line":37,"column":null}},"27":{"start":{"line":38,"column":4},"end":{"line":49,"column":null}},"28":{"start":{"line":39,"column":19},"end":{"line":39,"column":null}},"29":{"start":{"line":41,"column":24},"end":{"line":43,"column":null}},"30":{"start":{"line":42,"column":18},"end":{"line":42,"column":null}},"31":{"start":{"line":44,"column":6},"end":{"line":44,"column":null}},"32":{"start":{"line":46,"column":6},"end":{"line":46,"column":null}},"33":{"start":{"line":48,"column":6},"end":{"line":48,"column":null}},"34":{"start":{"line":48,"column":26},"end":{"line":48,"column":null}},"35":{"start":{"line":52,"column":2},"end":{"line":59,"column":null}},"36":{"start":{"line":53,"column":4},"end":{"line":53,"column":null}},"37":{"start":{"line":53,"column":19},"end":{"line":53,"column":null}},"38":{"start":{"line":54,"column":4},"end":{"line":54,"column":null}},"39":{"start":{"line":55,"column":4},"end":{"line":55,"column":null}},"40":{"start":{"line":55,"column":40},"end":{"line":55,"column":55}},"41":{"start":{"line":56,"column":4},"end":{"line":58,"column":null}},"42":{"start":{"line":57,"column":6},"end":{"line":57,"column":null}},"43":{"start":{"line":57,"column":27},"end":{"line":57,"column":null}},"44":{"start":{"line":61,"column":19},"end":{"line":61,"column":null}},"45":{"start":{"line":61,"column":48},"end":{"line":61,"column":56}},"46":{"start":{"line":63,"column":34},"end":{"line":73,"column":null}},"47":{"start":{"line":64,"column":4},"end":{"line":64,"column":null}},"48":{"start":{"line":64,"column":17},"end":{"line":64,"column":null}},"49":{"start":{"line":65,"column":4},"end":{"line":72,"column":null}},"50":{"start":{"line":66,"column":6},"end":{"line":66,"column":null}},"51":{"start":{"line":67,"column":6},"end":{"line":69,"column":null}},"52":{"start":{"line":68,"column":8},"end":{"line":68,"column":null}},"53":{"start":{"line":68,"column":28},"end":{"line":68,"column":81}},"54":{"start":{"line":71,"column":6},"end":{"line":71,"column":null}},"55":{"start":{"line":76,"column":4},"end":{"line":113,"column":null}},"56":{"start":{"line":95,"column":12},"end":{"line":109,"column":null}},"57":{"start":{"line":97,"column":29},"end":{"line":97,"column":null}},"58":{"start":{"line":116,"column":2},"end":{"line":130,"column":null}},"59":{"start":{"line":134,"column":55},"end":{"line":217,"column":null}}},"fnMap":{"0":{"name":"(anonymous_0)","decl":{"start":{"line":16,"column":6},"end":{"line":16,"column":24}},"loc":{"start":{"line":16,"column":46},"end":{"line":26,"column":null}},"line":16},"1":{"name":"(anonymous_1)","decl":{"start":{"line":28,"column":6},"end":{"line":28,"column":41}},"loc":{"start":{"line":28,"column":41},"end":{"line":132,"column":null}},"line":28},"2":{"name":"(anonymous_2)","decl":{"start":{"line":35,"column":17},"end":{"line":35,"column":24}},"loc":{"start":{"line":35,"column":52},"end":{"line":50,"column":null}},"line":35},"3":{"name":"(anonymous_3)","decl":{"start":{"line":41,"column":34},"end":{"line":41,"column":null}},"loc":{"start":{"line":42,"column":18},"end":{"line":42,"column":null}},"line":42},"4":{"name":"(anonymous_4)","decl":{"start":{"line":52,"column":2},"end":{"line":52,"column":18}},"loc":{"start":{"line":52,"column":18},"end":{"line":59,"column":5}},"line":52},"5":{"name":"(anonymous_5)","decl":{"start":{"line":55,"column":22},"end":{"line":55,"column":40}},"loc":{"start":{"line":55,"column":40},"end":{"line":55,"column":55}},"line":55},"6":{"name":"(anonymous_6)","decl":{"start":{"line":56,"column":4},"end":{"line":56,"column":17}},"loc":{"start":{"line":56,"column":17},"end":{"line":58,"column":null}},"line":56},"7":{"name":"(anonymous_7)","decl":{"start":{"line":61,"column":34},"end":{"line":61,"column":42}},"loc":{"start":{"line":61,"column":48},"end":{"line":61,"column":56}},"line":61},"8":{"name":"(anonymous_8)","decl":{"start":{"line":63,"column":34},"end":{"line":63,"column":41}},"loc":{"start":{"line":63,"column":61},"end":{"line":73,"column":null}},"line":63},"9":{"name":"(anonymous_9)","decl":{"start":{"line":67,"column":6},"end":{"line":67,"column":25}},"loc":{"start":{"line":68,"column":8},"end":{"line":68,"column":null}},"line":68},"10":{"name":"(anonymous_10)","decl":{"start":{"line":68,"column":13},"end":{"line":68,"column":18}},"loc":{"start":{"line":68,"column":28},"end":{"line":68,"column":81}},"line":68},"11":{"name":"(anonymous_11)","decl":{"start":{"line":94,"column":25},"end":{"line":94,"column":30}},"loc":{"start":{"line":95,"column":12},"end":{"line":109,"column":null}},"line":95},"12":{"name":"(anonymous_12)","decl":{"start":{"line":97,"column":14},"end":{"line":97,"column":29}},"loc":{"start":{"line":97,"column":29},"end":{"line":97,"column":null}},"line":97}},"branchMap":{"0":{"loc":{"start":{"line":17,"column":2},"end":{"line":17,"column":null}},"type":"if","locations":[{"start":{"line":17,"column":2},"end":{"line":17,"column":null}},{"start":{},"end":{}}],"line":17},"1":{"loc":{"start":{"line":20,"column":2},"end":{"line":20,"column":null}},"type":"if","locations":[{"start":{"line":20,"column":2},"end":{"line":20,"column":null}},{"start":{},"end":{}}],"line":20},"2":{"loc":{"start":{"line":21,"column":2},"end":{"line":21,"column":null}},"type":"if","locations":[{"start":{"line":21,"column":2},"end":{"line":21,"column":null}},{"start":{},"end":{}}],"line":21},"3":{"loc":{"start":{"line":23,"column":2},"end":{"line":23,"column":null}},"type":"if","locations":[{"start":{"line":23,"column":2},"end":{"line":23,"column":null}},{"start":{},"end":{}}],"line":23},"4":{"loc":{"start":{"line":36,"column":4},"end":{"line":36,"column":null}},"type":"if","locations":[{"start":{"line":36,"column":4},"end":{"line":36,"column":null}},{"start":{},"end":{}}],"line":36},"5":{"loc":{"start":{"line":37,"column":4},"end":{"line":37,"column":null}},"type":"if","locations":[{"start":{"line":37,"column":4},"end":{"line":37,"column":null}},{"start":{},"end":{}}],"line":37},"6":{"loc":{"start":{"line":42,"column":27},"end":{"line":42,"column":43}},"type":"binary-expr","locations":[{"start":{"line":42,"column":27},"end":{"line":42,"column":42}},{"start":{"line":42,"column":42},"end":{"line":42,"column":43}}],"line":42},"7":{"loc":{"start":{"line":42,"column":66},"end":{"line":42,"column":82}},"type":"binary-expr","locations":[{"start":{"line":42,"column":66},"end":{"line":42,"column":81}},{"start":{"line":42,"column":81},"end":{"line":42,"column":82}}],"line":42},"8":{"loc":{"start":{"line":48,"column":6},"end":{"line":48,"column":null}},"type":"if","locations":[{"start":{"line":48,"column":6},"end":{"line":48,"column":null}},{"start":{},"end":{}}],"line":48},"9":{"loc":{"start":{"line":53,"column":4},"end":{"line":53,"column":null}},"type":"if","locations":[{"start":{"line":53,"column":4},"end":{"line":53,"column":null}},{"start":{},"end":{}}],"line":53},"10":{"loc":{"start":{"line":57,"column":6},"end":{"line":57,"column":null}},"type":"if","locations":[{"start":{"line":57,"column":6},"end":{"line":57,"column":null}},{"start":{},"end":{}}],"line":57},"11":{"loc":{"start":{"line":64,"column":4},"end":{"line":64,"column":null}},"type":"if","locations":[{"start":{"line":64,"column":4},"end":{"line":64,"column":null}},{"start":{},"end":{}}],"line":64},"12":{"loc":{"start":{"line":68,"column":28},"end":{"line":68,"column":81}},"type":"cond-expr","locations":[{"start":{"line":68,"column":49},"end":{"line":68,"column":76}},{"start":{"line":68,"column":76},"end":{"line":68,"column":81}}],"line":68},"13":{"loc":{"start":{"line":79,"column":9},"end":{"line":80,"column":null}},"type":"binary-expr","locations":[{"start":{"line":79,"column":9},"end":{"line":79,"column":25}},{"start":{"line":79,"column":25},"end":{"line":80,"column":null}}],"line":79},"14":{"loc":{"start":{"line":83,"column":9},"end":{"line":110,"column":null}},"type":"cond-expr","locations":[{"start":{"line":84,"column":10},"end":{"line":87,"column":27}},{"start":{"line":87,"column":12},"end":{"line":110,"column":null}}],"line":83},"15":{"loc":{"start":{"line":87,"column":12},"end":{"line":110,"column":null}},"type":"cond-expr","locations":[{"start":{"line":88,"column":10},"end":{"line":94,"column":25}},{"start":{"line":94,"column":10},"end":{"line":110,"column":null}}],"line":87},"16":{"loc":{"start":{"line":100,"column":28},"end":{"line":100,"column":null}},"type":"cond-expr","locations":[{"start":{"line":100,"column":38},"end":{"line":100,"column":54}},{"start":{"line":100,"column":54},"end":{"line":100,"column":null}}],"line":100},"17":{"loc":{"start":{"line":103,"column":15},"end":{"line":104,"column":15}},"type":"binary-expr","locations":[{"start":{"line":103,"column":15},"end":{"line":103,"column":27}},{"start":{"line":103,"column":27},"end":{"line":104,"column":15}}],"line":103}},"s":{"0":1,"1":1,"2":1,"3":9,"4":0,"5":9,"6":9,"7":9,"8":0,"9":9,"10":0,"11":9,"12":9,"13":0,"14":9,"15":9,"16":1,"17":14,"18":14,"19":14,"20":14,"21":14,"22":14,"23":4,"24":0,"25":4,"26":4,"27":4,"28":4,"29":4,"30":1,"31":4,"32":0,"33":4,"34":4,"35":14,"36":5,"37":1,"38":4,"39":4,"40":0,"41":4,"42":4,"43":4,"44":14,"45":9,"46":14,"47":2,"48":1,"49":1,"50":1,"51":1,"52":1,"53":1,"54":0,"55":14,"56":9,"57":2,"58":14,"59":1},"f":{"0":9,"1":14,"2":4,"3":1,"4":5,"5":0,"6":4,"7":9,"8":2,"9":1,"10":1,"11":9,"12":2},"b":{"0":[0,9],"1":[0,9],"2":[0,9],"3":[0,9],"4":[0,4],"5":[4,0],"6":[1,0],"7":[1,0],"8":[4,0],"9":[1,4],"10":[4,0],"11":[1,1],"12":[1,0],"13":[14,4],"14":[5,9],"15":[2,7],"16":[5,4],"17":[9,4]},"meta":{"lastBranch":18,"lastFunction":13,"lastStatement":60,"seen":{"s:7:15:12:Infinity":0,"s:14:25:14:Infinity":1,"s:16:6:26:Infinity":2,"f:16:6:16:24":0,"b:17:2:17:Infinity:undefined:undefined:undefined:undefined":0,"s:17:2:17:Infinity":3,"s:17:17:17:Infinity":4,"s:18:17:18:Infinity":5,"s:19:14:19:Infinity":6,"b:20:2:20:Infinity:undefined:undefined:undefined:undefined":1,"s:20:2:20:Infinity":7,"s:20:15:20:Infinity":8,"b:21:2:21:Infinity:undefined:undefined:undefined:undefined":2,"s:21:2:21:Infinity":9,"s:21:16:21:Infinity":10,"s:22:16:22:Infinity":11,"b:23:2:23:Infinity:undefined:undefined:undefined:undefined":3,"s:23:2:23:Infinity":12,"s:23:18:23:Infinity":13,"s:24:15:24:Infinity":14,"s:25:2:25:Infinity":15,"s:28:6:132:Infinity":16,"f:28:6:28:41":1,"s:29:19:29:27":17,"s:30:46:30:Infinity":18,"s:31:32:31:Infinity":19,"s:32:26:32:Infinity":20,"s:33:18:33:Infinity":21,"s:35:17:50:Infinity":22,"f:35:17:35:24":2,"b:36:4:36:Infinity:undefined:undefined:undefined:undefined":4,"s:36:4:36:Infinity":23,"s:36:19:36:Infinity":24,"b:37:4:37:Infinity:undefined:undefined:undefined:undefined":5,"s:37:4:37:Infinity":25,"s:37:24:37:Infinity":26,"s:38:4:49:Infinity":27,"s:39:19:39:Infinity":28,"s:41:24:43:Infinity":29,"f:41:34:41:Infinity":3,"s:42:18:42:Infinity":30,"b:42:27:42:42:42:42:42:43":6,"b:42:66:42:81:42:81:42:82":7,"s:44:6:44:Infinity":31,"s:46:6:46:Infinity":32,"b:48:6:48:Infinity:undefined:undefined:undefined:undefined":8,"s:48:6:48:Infinity":33,"s:48:26:48:Infinity":34,"s:52:2:59:Infinity":35,"f:52:2:52:18":4,"b:53:4:53:Infinity:undefined:undefined:undefined:undefined":9,"s:53:4:53:Infinity":36,"s:53:19:53:Infinity":37,"s:54:4:54:Infinity":38,"s:55:4:55:Infinity":39,"f:55:22:55:40":5,"s:55:40:55:55":40,"s:56:4:58:Infinity":41,"f:56:4:56:17":6,"b:57:6:57:Infinity:undefined:undefined:undefined:undefined":10,"s:57:6:57:Infinity":42,"s:57:27:57:Infinity":43,"s:61:19:61:Infinity":44,"f:61:34:61:42":7,"s:61:48:61:56":45,"s:63:34:73:Infinity":46,"f:63:34:63:41":8,"b:64:4:64:Infinity:undefined:undefined:undefined:undefined":11,"s:64:4:64:Infinity":47,"s:64:17:64:Infinity":48,"s:65:4:72:Infinity":49,"s:66:6:66:Infinity":50,"s:67:6:69:Infinity":51,"f:67:6:67:25":9,"s:68:8:68:Infinity":52,"f:68:13:68:18":10,"s:68:28:68:81":53,"b:68:49:68:76:68:76:68:81":12,"s:71:6:71:Infinity":54,"s:76:4:113:Infinity":55,"b:79:9:79:25:79:25:80:Infinity":13,"b:84:10:87:27:87:12:110:Infinity":14,"b:88:10:94:25:94:10:110:Infinity":15,"f:94:25:94:30":11,"s:95:12:109:Infinity":56,"f:97:14:97:29":12,"s:97:29:97:Infinity":57,"b:100:38:100:54:100:54:100:Infinity":16,"b:103:15:103:27:103:27:104:15":17,"s:116:2:130:Infinity":58,"s:134:55:217:Infinity":59},"fnNames":{}}}
,"/Users/andresjurado/Documents/Proyecto/FrontEnd/conectamente-frontend/src/contexts/AuthContext.tsx": {"path":"/Users/andresjurado/Documents/Proyecto/FrontEnd/conectamente-frontend/src/contexts/AuthContext.tsx","statementMap":{"0":{"start":{"line":26,"column":27},"end":{"line":26,"column":null}},"1":{"start":{"line":28,"column":13},"end":{"line":85,"column":null}},"2":{"start":{"line":29,"column":26},"end":{"line":29,"column":null}},"3":{"start":{"line":30,"column":32},"end":{"line":30,"column":null}},"4":{"start":{"line":32,"column":2},"end":{"line":41,"column":null}},"5":{"start":{"line":34,"column":24},"end":{"line":34,"column":null}},"6":{"start":{"line":35,"column":23},"end":{"line":35,"column":null}},"7":{"start":{"line":37,"column":4},"end":{"line":39,"column":null}},"8":{"start":{"line":38,"column":6},"end":{"line":38,"column":null}},"9":{"start":{"line":40,"column":4},"end":{"line":40,"column":null}},"10":{"start":{"line":43,"column":16},"end":{"line":72,"column":null}},"11":{"start":{"line":45,"column":21},"end":{"line":45,"column":null}},"12":{"start":{"line":48,"column":18},"end":{"line":48,"column":null}},"13":{"start":{"line":50,"column":4},"end":{"line":52,"column":null}},"14":{"start":{"line":51,"column":6},"end":{"line":51,"column":null}},"15":{"start":{"line":55,"column":25},"end":{"line":55,"column":null}},"16":{"start":{"line":58,"column":33},"end":{"line":64,"column":null}},"17":{"start":{"line":67,"column":4},"end":{"line":67,"column":null}},"18":{"start":{"line":68,"column":4},"end":{"line":68,"column":null}},"19":{"start":{"line":71,"column":4},"end":{"line":71,"column":null}},"20":{"start":{"line":74,"column":8},"end":{"line":78,"column":null}},"21":{"start":{"line":75,"column":4},"end":{"line":75,"column":null}},"22":{"start":{"line":76,"column":4},"end":{"line":76,"column":null}},"23":{"start":{"line":77,"column":4},"end":{"line":77,"column":null}},"24":{"start":{"line":80,"column":2},"end":{"line":83,"column":null}}},"fnMap":{"0":{"name":"(anonymous_0)","decl":{"start":{"line":28,"column":13},"end":{"line":28,"column":58}},"loc":{"start":{"line":28,"column":75},"end":{"line":85,"column":null}},"line":28},"1":{"name":"(anonymous_1)","decl":{"start":{"line":32,"column":2},"end":{"line":32,"column":18}},"loc":{"start":{"line":32,"column":18},"end":{"line":41,"column":5}},"line":32},"2":{"name":"(anonymous_2)","decl":{"start":{"line":43,"column":16},"end":{"line":43,"column":23}},"loc":{"start":{"line":43,"column":74},"end":{"line":72,"column":null}},"line":43},"3":{"name":"(anonymous_3)","decl":{"start":{"line":74,"column":8},"end":{"line":74,"column":29}},"loc":{"start":{"line":74,"column":29},"end":{"line":78,"column":null}},"line":74}},"branchMap":{"0":{"loc":{"start":{"line":37,"column":4},"end":{"line":39,"column":null}},"type":"if","locations":[{"start":{"line":37,"column":4},"end":{"line":39,"column":null}},{"start":{},"end":{}}],"line":37},"1":{"loc":{"start":{"line":37,"column":8},"end":{"line":37,"column":35}},"type":"binary-expr","locations":[{"start":{"line":37,"column":8},"end":{"line":37,"column":23}},{"start":{"line":37,"column":23},"end":{"line":37,"column":35}}],"line":37},"2":{"loc":{"start":{"line":48,"column":18},"end":{"line":48,"column":null}},"type":"binary-expr","locations":[{"start":{"line":48,"column":18},"end":{"line":48,"column":38}},{"start":{"line":48,"column":38},"end":{"line":48,"column":52}},{"start":{"line":48,"column":52},"end":{"line":48,"column":null}}],"line":48},"3":{"loc":{"start":{"line":50,"column":4},"end":{"line":52,"column":null}},"type":"if","locations":[{"start":{"line":50,"column":4},"end":{"line":52,"column":null}},{"start":{},"end":{}}],"line":50},"4":{"loc":{"start":{"line":59,"column":10},"end":{"line":59,"column":null}},"type":"binary-expr","locations":[{"start":{"line":59,"column":10},"end":{"line":59,"column":25}},{"start":{"line":59,"column":25},"end":{"line":59,"column":39}},{"start":{"line":59,"column":39},"end":{"line":59,"column":null}}],"line":59},"5":{"loc":{"start":{"line":60,"column":13},"end":{"line":60,"column":null}},"type":"binary-expr","locations":[{"start":{"line":60,"column":13},"end":{"line":60,"column":30}},{"start":{"line":60,"column":30},"end":{"line":60,"column":null}}],"line":60},"6":{"loc":{"start":{"line":61,"column":14},"end":{"line":61,"column":null}},"type":"binary-expr","locations":[{"start":{"line":61,"column":14},"end":{"line":61,"column":32}},{"start":{"line":61,"column":32},"end":{"line":61,"column":null}}],"line":61},"7":{"loc":{"start":{"line":62,"column":16},"end":{"line":62,"column":null}},"type":"binary-expr","locations":[{"start":{"line":62,"column":16},"end":{"line":62,"column":36}},{"start":{"line":62,"column":36},"end":{"line":62,"column":null}}],"line":62},"8":{"loc":{"start":{"line":63,"column":11},"end":{"line":63,"column":null}},"type":"binary-expr","locations":[{"start":{"line":63,"column":11},"end":{"line":63,"column":26}},{"start":{"line":63,"column":26},"end":{"line":63,"column":null}}],"line":63}},"s":{"0":2,"1":2,"2":14,"3":14,"4":14,"5":6,"6":6,"7":6,"8":2,"9":6,"10":14,"11":2,"12":2,"13":2,"14":1,"15":1,"16":1,"17":2,"18":2,"19":2,"20":14,"21":1,"22":1,"23":1,"24":14},"f":{"0":14,"1":6,"2":2,"3":1},"b":{"0":[2,4],"1":[6,2],"2":[2,1,1],"3":[1,1],"4":[1,0,0],"5":[2,0],"6":[2,0],"7":[2,0],"8":[2,0]},"meta":{"lastBranch":9,"lastFunction":4,"lastStatement":25,"seen":{"s:26:27:26:Infinity":0,"s:28:13:85:Infinity":1,"f:28:13:28:58":0,"s:29:26:29:Infinity":2,"s:30:32:30:Infinity":3,"s:32:2:41:Infinity":4,"f:32:2:32:18":1,"s:34:24:34:Infinity":5,"s:35:23:35:Infinity":6,"b:37:4:39:Infinity:undefined:undefined:undefined:undefined":0,"s:37:4:39:Infinity":7,"b:37:8:37:23:37:23:37:35":1,"s:38:6:38:Infinity":8,"s:40:4:40:Infinity":9,"s:43:16:72:Infinity":10,"f:43:16:43:23":2,"s:45:21:45:Infinity":11,"s:48:18:48:Infinity":12,"b:48:18:48:38:48:38:48:52:48:52:48:Infinity":2,"b:50:4:52:Infinity:undefined:undefined:undefined:undefined":3,"s:50:4:52:Infinity":13,"s:51:6:51:Infinity":14,"s:55:25:55:Infinity":15,"s:58:33:64:Infinity":16,"b:59:10:59:25:59:25:59:39:59:39:59:Infinity":4,"b:60:13:60:30:60:30:60:Infinity":5,"b:61:14:61:32:61:32:61:Infinity":6,"b:62:16:62:36:62:36:62:Infinity":7,"b:63:11:63:26:63:26:63:Infinity":8,"s:67:4:67:Infinity":17,"s:68:4:68:Infinity":18,"s:71:4:71:Infinity":19,"s:74:8:78:Infinity":20,"f:74:8:74:29":3,"s:75:4:75:Infinity":21,"s:76:4:76:Infinity":22,"s:77:4:77:Infinity":23,"s:80:2:83:Infinity":24},"fnNames":{}}}
,"/Users/andresjurado/Documents/Proyecto/FrontEnd/conectamente-frontend/src/hooks/useAuth.ts": {"path":"/Users/andresjurado/Documents/Proyecto/FrontEnd/conectamente-frontend/src/hooks/useAuth.ts","statementMap":{"0":{"start":{"line":4,"column":13},"end":{"line":10,"column":null}},"1":{"start":{"line":5,"column":18},"end":{"line":5,"column":null}},"2":{"start":{"line":6,"column":2},"end":{"line":8,"column":null}},"3":{"start":{"line":7,"column":4},"end":{"line":7,"column":null}},"4":{"start":{"line":9,"column":2},"end":{"line":9,"column":null}}},"fnMap":{"0":{"name":"(anonymous_0)","decl":{"start":{"line":4,"column":13},"end":{"line":4,"column":29}},"loc":{"start":{"line":4,"column":29},"end":{"line":10,"column":null}},"line":4}},"branchMap":{"0":{"loc":{"start":{"line":6,"column":2},"end":{"line":8,"column":null}},"type":"if","locations":[{"start":{"line":6,"column":2},"end":{"line":8,"column":null}},{"start":{},"end":{}}],"line":6}},"s":{"0":2,"1":16,"2":16,"3":2,"4":14},"f":{"0":16},"b":{"0":[2,14]},"meta":{"lastBranch":1,"lastFunction":1,"lastStatement":5,"seen":{"s:4:13:10:Infinity":0,"f:4:13:4:29":0,"s:5:18:5:Infinity":1,"b:6:2:8:Infinity:undefined:undefined:undefined:undefined":0,"s:6:2:8:Infinity":2,"s:7:4:7:Infinity":3,"s:9:2:9:Infinity":4},"fnNames":{}}}
,"/Users/andresjurado/Documents/Proyecto/FrontEnd/conectamente-frontend/src/routes/AppRoutes.tsx": {"path":"/Users/andresjurado/Documents/Proyecto/FrontEnd/conectamente-frontend/src/routes/AppRoutes.tsx","statementMap":{"0":{"start":{"line":44,"column":6},"end":{"line":115,"column":null}},"1":{"start":{"line":45,"column":2},"end":{"line":113,"column":null}}},"fnMap":{"0":{"name":"(anonymous_0)","decl":{"start":{"line":44,"column":6},"end":{"line":44,"column":34}},"loc":{"start":{"line":44,"column":34},"end":{"line":115,"column":null}},"line":44}},"branchMap":{},"s":{"0":0,"1":0},"f":{"0":0},"b":{},"meta":{"lastBranch":0,"lastFunction":1,"lastStatement":2,"seen":{"s:44:6:115:Infinity":0,"f:44:6:44:34":0,"s:45:2:113:Infinity":1},"fnNames":{}}}
,"/Users/andresjurado/Documents/Proyecto/FrontEnd/conectamente-frontend/src/routes/ProtectedRoute.tsx": {"path":"/Users/andresjurado/Documents/Proyecto/FrontEnd/conectamente-frontend/src/routes/ProtectedRoute.tsx","statementMap":{"0":{"start":{"line":8,"column":6},"end":{"line":28,"column":null}},"1":{"start":{"line":9,"column":28},"end":{"line":9,"column":36}},"2":{"start":{"line":12,"column":2},"end":{"line":14,"column":null}},"3":{"start":{"line":13,"column":4},"end":{"line":13,"column":null}},"4":{"start":{"line":17,"column":2},"end":{"line":19,"column":null}},"5":{"start":{"line":18,"column":4},"end":{"line":18,"column":null}},"6":{"start":{"line":22,"column":2},"end":{"line":24,"column":null}},"7":{"start":{"line":23,"column":4},"end":{"line":23,"column":null}},"8":{"start":{"line":27,"column":2},"end":{"line":27,"column":null}}},"fnMap":{"0":{"name":"(anonymous_0)","decl":{"start":{"line":8,"column":6},"end":{"line":8,"column":55}},"loc":{"start":{"line":8,"column":76},"end":{"line":28,"column":null}},"line":8}},"branchMap":{"0":{"loc":{"start":{"line":12,"column":2},"end":{"line":14,"column":null}},"type":"if","locations":[{"start":{"line":12,"column":2},"end":{"line":14,"column":null}},{"start":{},"end":{}}],"line":12},"1":{"loc":{"start":{"line":17,"column":2},"end":{"line":19,"column":null}},"type":"if","locations":[{"start":{"line":17,"column":2},"end":{"line":19,"column":null}},{"start":{},"end":{}}],"line":17},"2":{"loc":{"start":{"line":22,"column":2},"end":{"line":24,"column":null}},"type":"if","locations":[{"start":{"line":22,"column":2},"end":{"line":24,"column":null}},{"start":{},"end":{}}],"line":22},"3":{"loc":{"start":{"line":22,"column":6},"end":{"line":22,"column":56}},"type":"binary-expr","locations":[{"start":{"line":22,"column":6},"end":{"line":22,"column":22}},{"start":{"line":22,"column":22},"end":{"line":22,"column":56}}],"line":22}},"s":{"0":1,"1":5,"2":5,"3":1,"4":4,"5":1,"6":3,"7":1,"8":2},"f":{"0":5},"b":{"0":[1,4],"1":[1,3],"2":[1,2],"3":[3,2]},"meta":{"lastBranch":4,"lastFunction":1,"lastStatement":9,"seen":{"s:8:6:28:Infinity":0,"f:8:6:8:55":0,"s:9:28:9:36":1,"b:12:2:14:Infinity:undefined:undefined:undefined:undefined":0,"s:12:2:14:Infinity":2,"s:13:4:13:Infinity":3,"b:17:2:19:Infinity:undefined:undefined:undefined:undefined":1,"s:17:2:19:Infinity":4,"s:18:4:18:Infinity":5,"b:22:2:24:Infinity:undefined:undefined:undefined:undefined":2,"s:22:2:24:Infinity":6,"b:22:6:22:22:22:22:22:56":3,"s:23:4:23:Infinity":7,"s:27:2:27:Infinity":8},"fnNames":{}}}
,"/Users/andresjurado/Documents/Proyecto/FrontEnd/conectamente-frontend/src/services/adminService.ts": {"path":"/Users/andresjurado/Documents/Proyecto/FrontEnd/conectamente-frontend/src/services/adminService.ts","statementMap":{"0":{"start":{"line":20,"column":28},"end":{"line":47,"column":null}},"1":{"start":{"line":23,"column":24},"end":{"line":23,"column":null}},"2":{"start":{"line":24,"column":4},"end":{"line":24,"column":null}},"3":{"start":{"line":24,"column":13},"end":{"line":24,"column":null}},"4":{"start":{"line":26,"column":21},"end":{"line":26,"column":null}},"5":{"start":{"line":27,"column":4},"end":{"line":27,"column":null}},"6":{"start":{"line":32,"column":21},"end":{"line":32,"column":null}},"7":{"start":{"line":33,"column":4},"end":{"line":33,"column":null}},"8":{"start":{"line":38,"column":21},"end":{"line":38,"column":null}},"9":{"start":{"line":39,"column":4},"end":{"line":39,"column":null}},"10":{"start":{"line":44,"column":21},"end":{"line":44,"column":null}},"11":{"start":{"line":45,"column":4},"end":{"line":45,"column":null}}},"fnMap":{"0":{"name":"(anonymous_0)","decl":{"start":{"line":22,"column":18},"end":{"line":22,"column":25}},"loc":{"start":{"line":22,"column":67},"end":{"line":28,"column":null}},"line":22},"1":{"name":"(anonymous_1)","decl":{"start":{"line":31,"column":14},"end":{"line":31,"column":21}},"loc":{"start":{"line":31,"column":49},"end":{"line":34,"column":null}},"line":31},"2":{"name":"(anonymous_2)","decl":{"start":{"line":37,"column":13},"end":{"line":37,"column":20}},"loc":{"start":{"line":37,"column":35},"end":{"line":40,"column":null}},"line":37},"3":{"name":"(anonymous_3)","decl":{"start":{"line":43,"column":20},"end":{"line":43,"column":27}},"loc":{"start":{"line":43,"column":42},"end":{"line":46,"column":null}},"line":43}},"branchMap":{"0":{"loc":{"start":{"line":22,"column":25},"end":{"line":22,"column":37}},"type":"default-arg","locations":[{"start":{"line":22,"column":34},"end":{"line":22,"column":37}}],"line":22},"1":{"loc":{"start":{"line":22,"column":37},"end":{"line":22,"column":50}},"type":"default-arg","locations":[{"start":{"line":22,"column":46},"end":{"line":22,"column":50}}],"line":22},"2":{"loc":{"start":{"line":24,"column":4},"end":{"line":24,"column":null}},"type":"if","locations":[{"start":{"line":24,"column":4},"end":{"line":24,"column":null}},{"start":{},"end":{}}],"line":24}},"s":{"0":1,"1":1,"2":1,"3":1,"4":1,"5":1,"6":1,"7":1,"8":1,"9":1,"10":1,"11":1},"f":{"0":1,"1":1,"2":1,"3":1},"b":{"0":[1],"1":[1],"2":[1,0]},"meta":{"lastBranch":3,"lastFunction":4,"lastStatement":12,"seen":{"s:20:28:47:Infinity":0,"f:22:18:22:25":0,"b:22:34:22:37":0,"b:22:46:22:50":1,"s:23:24:23:Infinity":1,"b:24:4:24:Infinity:undefined:undefined:undefined:undefined":2,"s:24:4:24:Infinity":2,"s:24:13:24:Infinity":3,"s:26:21:26:Infinity":4,"s:27:4:27:Infinity":5,"f:31:14:31:21":1,"s:32:21:32:Infinity":6,"s:33:4:33:Infinity":7,"f:37:13:37:20":2,"s:38:21:38:Infinity":8,"s:39:4:39:Infinity":9,"f:43:20:43:27":3,"s:44:21:44:Infinity":10,"s:45:4:45:Infinity":11},"fnNames":{}}}
,"/Users/andresjurado/Documents/Proyecto/FrontEnd/conectamente-frontend/src/services/agendasService.ts": {"path":"/Users/andresjurado/Documents/Proyecto/FrontEnd/conectamente-frontend/src/services/agendasService.ts","statementMap":{"0":{"start":{"line":27,"column":30},"end":{"line":75,"column":null}},"1":{"start":{"line":30,"column":21},"end":{"line":30,"column":null}},"2":{"start":{"line":31,"column":4},"end":{"line":31,"column":null}},"3":{"start":{"line":35,"column":21},"end":{"line":35,"column":null}},"4":{"start":{"line":36,"column":4},"end":{"line":36,"column":null}},"5":{"start":{"line":40,"column":21},"end":{"line":40,"column":null}},"6":{"start":{"line":41,"column":4},"end":{"line":41,"column":null}},"7":{"start":{"line":46,"column":21},"end":{"line":46,"column":null}},"8":{"start":{"line":47,"column":4},"end":{"line":47,"column":null}},"9":{"start":{"line":51,"column":21},"end":{"line":51,"column":null}},"10":{"start":{"line":52,"column":4},"end":{"line":52,"column":null}},"11":{"start":{"line":56,"column":21},"end":{"line":56,"column":null}},"12":{"start":{"line":57,"column":4},"end":{"line":57,"column":null}},"13":{"start":{"line":62,"column":21},"end":{"line":62,"column":null}},"14":{"start":{"line":63,"column":4},"end":{"line":63,"column":null}},"15":{"start":{"line":67,"column":21},"end":{"line":67,"column":null}},"16":{"start":{"line":68,"column":4},"end":{"line":68,"column":null}},"17":{"start":{"line":72,"column":21},"end":{"line":72,"column":null}},"18":{"start":{"line":73,"column":4},"end":{"line":73,"column":null}}},"fnMap":{"0":{"name":"(anonymous_0)","decl":{"start":{"line":29,"column":10},"end":{"line":29,"column":22}},"loc":{"start":{"line":29,"column":22},"end":{"line":32,"column":null}},"line":29},"1":{"name":"(anonymous_1)","decl":{"start":{"line":34,"column":15},"end":{"line":34,"column":22}},"loc":{"start":{"line":34,"column":50},"end":{"line":37,"column":null}},"line":34},"2":{"name":"(anonymous_2)","decl":{"start":{"line":39,"column":15},"end":{"line":39,"column":22}},"loc":{"start":{"line":39,"column":37},"end":{"line":42,"column":null}},"line":39},"3":{"name":"(anonymous_3)","decl":{"start":{"line":45,"column":22},"end":{"line":45,"column":34}},"loc":{"start":{"line":45,"column":34},"end":{"line":48,"column":null}},"line":45},"4":{"name":"(anonymous_4)","decl":{"start":{"line":50,"column":24},"end":{"line":50,"column":31}},"loc":{"start":{"line":50,"column":106},"end":{"line":53,"column":null}},"line":50},"5":{"name":"(anonymous_5)","decl":{"start":{"line":55,"column":24},"end":{"line":55,"column":31}},"loc":{"start":{"line":55,"column":46},"end":{"line":58,"column":null}},"line":55},"6":{"name":"(anonymous_6)","decl":{"start":{"line":61,"column":18},"end":{"line":61,"column":30}},"loc":{"start":{"line":61,"column":30},"end":{"line":64,"column":null}},"line":61},"7":{"name":"(anonymous_7)","decl":{"start":{"line":66,"column":19},"end":{"line":66,"column":26}},"loc":{"start":{"line":66,"column":95},"end":{"line":69,"column":null}},"line":66},"8":{"name":"(anonymous_8)","decl":{"start":{"line":71,"column":19},"end":{"line":71,"column":26}},"loc":{"start":{"line":71,"column":41},"end":{"line":74,"column":null}},"line":71}},"branchMap":{},"s":{"0":1,"1":1,"2":1,"3":1,"4":1,"5":1,"6":1,"7":0,"8":0,"9":1,"10":1,"11":0,"12":0,"13":0,"14":0,"15":1,"16":1,"17":0,"18":0},"f":{"0":1,"1":1,"2":1,"3":0,"4":1,"5":0,"6":0,"7":1,"8":0},"b":{},"meta":{"lastBranch":0,"lastFunction":9,"lastStatement":19,"seen":{"s:27:30:75:Infinity":0,"f:29:10:29:22":0,"s:30:21:30:Infinity":1,"s:31:4:31:Infinity":2,"f:34:15:34:22":1,"s:35:21:35:Infinity":3,"s:36:4:36:Infinity":4,"f:39:15:39:22":2,"s:40:21:40:Infinity":5,"s:41:4:41:Infinity":6,"f:45:22:45:34":3,"s:46:21:46:Infinity":7,"s:47:4:47:Infinity":8,"f:50:24:50:31":4,"s:51:21:51:Infinity":9,"s:52:4:52:Infinity":10,"f:55:24:55:31":5,"s:56:21:56:Infinity":11,"s:57:4:57:Infinity":12,"f:61:18:61:30":6,"s:62:21:62:Infinity":13,"s:63:4:63:Infinity":14,"f:66:19:66:26":7,"s:67:21:67:Infinity":15,"s:68:4:68:Infinity":16,"f:71:19:71:26":8,"s:72:21:72:Infinity":17,"s:73:4:73:Infinity":18},"fnNames":{}}}
,"/Users/andresjurado/Documents/Proyecto/FrontEnd/conectamente-frontend/src/services/chatsService.ts": {"path":"/Users/andresjurado/Documents/Proyecto/FrontEnd/conectamente-frontend/src/services/chatsService.ts","statementMap":{"0":{"start":{"line":21,"column":28},"end":{"line":45,"column":null}},"1":{"start":{"line":24,"column":21},"end":{"line":24,"column":null}},"2":{"start":{"line":25,"column":4},"end":{"line":25,"column":null}},"3":{"start":{"line":30,"column":21},"end":{"line":30,"column":null}},"4":{"start":{"line":31,"column":4},"end":{"line":31,"column":null}},"5":{"start":{"line":36,"column":21},"end":{"line":36,"column":null}},"6":{"start":{"line":37,"column":4},"end":{"line":37,"column":null}},"7":{"start":{"line":42,"column":21},"end":{"line":42,"column":null}},"8":{"start":{"line":43,"column":4},"end":{"line":43,"column":null}}},"fnMap":{"0":{"name":"(anonymous_0)","decl":{"start":{"line":23,"column":17},"end":{"line":23,"column":24}},"loc":{"start":{"line":23,"column":47},"end":{"line":26,"column":null}},"line":23},"1":{"name":"(anonymous_1)","decl":{"start":{"line":29,"column":20},"end":{"line":29,"column":27}},"loc":{"start":{"line":29,"column":49},"end":{"line":32,"column":null}},"line":29},"2":{"name":"(anonymous_2)","decl":{"start":{"line":35,"column":21},"end":{"line":35,"column":28}},"loc":{"start":{"line":35,"column":63},"end":{"line":38,"column":null}},"line":35},"3":{"name":"(anonymous_3)","decl":{"start":{"line":41,"column":19},"end":{"line":41,"column":26}},"loc":{"start":{"line":41,"column":41},"end":{"line":44,"column":null}},"line":41}},"branchMap":{},"s":{"0":1,"1":1,"2":1,"3":1,"4":1,"5":1,"6":1,"7":1,"8":1},"f":{"0":1,"1":1,"2":1,"3":1},"b":{},"meta":{"lastBranch":0,"lastFunction":4,"lastStatement":9,"seen":{"s:21:28:45:Infinity":0,"f:23:17:23:24":0,"s:24:21:24:Infinity":1,"s:25:4:25:Infinity":2,"f:29:20:29:27":1,"s:30:21:30:Infinity":3,"s:31:4:31:Infinity":4,"f:35:21:35:28":2,"s:36:21:36:Infinity":5,"s:37:4:37:Infinity":6,"f:41:19:41:26":3,"s:42:21:42:Infinity":7,"s:43:4:43:Infinity":8},"fnNames":{}}}
,"/Users/andresjurado/Documents/Proyecto/FrontEnd/conectamente-frontend/src/services/citasService.ts": {"path":"/Users/andresjurado/Documents/Proyecto/FrontEnd/conectamente-frontend/src/services/citasService.ts","statementMap":{"0":{"start":{"line":25,"column":28},"end":{"line":62,"column":null}},"1":{"start":{"line":28,"column":21},"end":{"line":28,"column":null}},"2":{"start":{"line":29,"column":4},"end":{"line":29,"column":null}},"3":{"start":{"line":34,"column":21},"end":{"line":38,"column":null}},"4":{"start":{"line":39,"column":4},"end":{"line":39,"column":null}},"5":{"start":{"line":44,"column":21},"end":{"line":47,"column":null}},"6":{"start":{"line":48,"column":4},"end":{"line":48,"column":null}},"7":{"start":{"line":53,"column":21},"end":{"line":53,"column":null}},"8":{"start":{"line":54,"column":4},"end":{"line":54,"column":null}},"9":{"start":{"line":59,"column":21},"end":{"line":59,"column":null}},"10":{"start":{"line":60,"column":4},"end":{"line":60,"column":null}}},"fnMap":{"0":{"name":"(anonymous_0)","decl":{"start":{"line":27,"column":10},"end":{"line":27,"column":22}},"loc":{"start":{"line":27,"column":22},"end":{"line":30,"column":null}},"line":27},"1":{"name":"(anonymous_1)","decl":{"start":{"line":33,"column":10},"end":{"line":33,"column":17}},"loc":{"start":{"line":33,"column":83},"end":{"line":40,"column":null}},"line":33},"2":{"name":"(anonymous_2)","decl":{"start":{"line":43,"column":10},"end":{"line":43,"column":17}},"loc":{"start":{"line":43,"column":76},"end":{"line":49,"column":null}},"line":43},"3":{"name":"(anonymous_3)","decl":{"start":{"line":52,"column":10},"end":{"line":52,"column":17}},"loc":{"start":{"line":52,"column":32},"end":{"line":55,"column":null}},"line":52},"4":{"name":"(anonymous_4)","decl":{"start":{"line":58,"column":20},"end":{"line":58,"column":27}},"loc":{"start":{"line":58,"column":78},"end":{"line":61,"column":null}},"line":58}},"branchMap":{},"s":{"0":1,"1":1,"2":1,"3":1,"4":1,"5":1,"6":1,"7":1,"8":0,"9":1,"10":1},"f":{"0":1,"1":1,"2":1,"3":1,"4":1},"b":{},"meta":{"lastBranch":0,"lastFunction":5,"lastStatement":11,"seen":{"s:25:28:62:Infinity":0,"f:27:10:27:22":0,"s:28:21:28:Infinity":1,"s:29:4:29:Infinity":2,"f:33:10:33:17":1,"s:34:21:38:Infinity":3,"s:39:4:39:Infinity":4,"f:43:10:43:17":2,"s:44:21:47:Infinity":5,"s:48:4:48:Infinity":6,"f:52:10:52:17":3,"s:53:21:53:Infinity":7,"s:54:4:54:Infinity":8,"f:58:20:58:27":4,"s:59:21:59:Infinity":9,"s:60:4:60:Infinity":10},"fnNames":{}}}
,"/Users/andresjurado/Documents/Proyecto/FrontEnd/conectamente-frontend/src/services/encuestasService.ts": {"path":"/Users/andresjurado/Documents/Proyecto/FrontEnd/conectamente-frontend/src/services/encuestasService.ts","statementMap":{"0":{"start":{"line":68,"column":32},"end":{"line":145,"column":null}},"1":{"start":{"line":71,"column":21},"end":{"line":71,"column":null}},"2":{"start":{"line":72,"column":4},"end":{"line":72,"column":null}},"3":{"start":{"line":77,"column":21},"end":{"line":77,"column":null}},"4":{"start":{"line":78,"column":4},"end":{"line":78,"column":null}},"5":{"start":{"line":83,"column":21},"end":{"line":83,"column":null}},"6":{"start":{"line":84,"column":4},"end":{"line":84,"column":null}},"7":{"start":{"line":89,"column":21},"end":{"line":89,"column":null}},"8":{"start":{"line":90,"column":4},"end":{"line":90,"column":null}},"9":{"start":{"line":95,"column":21},"end":{"line":95,"column":null}},"10":{"start":{"line":96,"column":4},"end":{"line":96,"column":null}},"11":{"start":{"line":101,"column":21},"end":{"line":101,"column":null}},"12":{"start":{"line":102,"column":4},"end":{"line":102,"column":null}},"13":{"start":{"line":107,"column":21},"end":{"line":110,"column":null}},"14":{"start":{"line":111,"column":4},"end":{"line":111,"column":null}},"15":{"start":{"line":116,"column":21},"end":{"line":116,"column":null}},"16":{"start":{"line":117,"column":4},"end":{"line":117,"column":null}},"17":{"start":{"line":122,"column":21},"end":{"line":124,"column":null}},"18":{"start":{"line":125,"column":4},"end":{"line":125,"column":null}},"19":{"start":{"line":130,"column":21},"end":{"line":130,"column":null}},"20":{"start":{"line":131,"column":4},"end":{"line":131,"column":null}},"21":{"start":{"line":136,"column":21},"end":{"line":136,"column":null}},"22":{"start":{"line":137,"column":4},"end":{"line":137,"column":null}},"23":{"start":{"line":142,"column":21},"end":{"line":142,"column":null}},"24":{"start":{"line":143,"column":4},"end":{"line":143,"column":null}}},"fnMap":{"0":{"name":"getAll","decl":{"start":{"line":70,"column":8},"end":{"line":70,"column":38}},"loc":{"start":{"line":70,"column":38},"end":{"line":73,"column":null}},"line":70},"1":{"name":"getById","decl":{"start":{"line":76,"column":8},"end":{"line":76,"column":16}},"loc":{"start":{"line":76,"column":47},"end":{"line":79,"column":null}},"line":76},"2":{"name":"create","decl":{"start":{"line":82,"column":8},"end":{"line":82,"column":15}},"loc":{"start":{"line":82,"column":59},"end":{"line":85,"column":null}},"line":82},"3":{"name":"update","decl":{"start":{"line":88,"column":8},"end":{"line":88,"column":15}},"loc":{"start":{"line":88,"column":80},"end":{"line":91,"column":null}},"line":88},"4":{"name":"delete","decl":{"start":{"line":94,"column":8},"end":{"line":94,"column":15}},"loc":{"start":{"line":94,"column":72},"end":{"line":97,"column":null}},"line":94},"5":{"name":"getRespuestas","decl":{"start":{"line":100,"column":8},"end":{"line":100,"column":22}},"loc":{"start":{"line":100,"column":64},"end":{"line":103,"column":null}},"line":100},"6":{"name":"guardarRespuesta","decl":{"start":{"line":106,"column":8},"end":{"line":106,"column":25}},"loc":{"start":{"line":106,"column":117},"end":{"line":112,"column":null}},"line":106},"7":{"name":"getMisRespuestas","decl":{"start":{"line":115,"column":8},"end":{"line":115,"column":49}},"loc":{"start":{"line":115,"column":49},"end":{"line":118,"column":null}},"line":115},"8":{"name":"asignarEncuesta","decl":{"start":{"line":121,"column":8},"end":{"line":121,"column":24}},"loc":{"start":{"line":121,"column":93},"end":{"line":126,"column":null}},"line":121},"9":{"name":"getMisAsignadas","decl":{"start":{"line":129,"column":8},"end":{"line":129,"column":57}},"loc":{"start":{"line":129,"column":57},"end":{"line":132,"column":null}},"line":129},"10":{"name":"getMisEncuestas","decl":{"start":{"line":135,"column":8},"end":{"line":135,"column":57}},"loc":{"start":{"line":135,"column":57},"end":{"line":138,"column":null}},"line":135},"11":{"name":"getMetricasGenerales","decl":{"start":{"line":141,"column":8},"end":{"line":141,"column":45}},"loc":{"start":{"line":141,"column":45},"end":{"line":144,"column":null}},"line":141}},"branchMap":{},"s":{"0":1,"1":1,"2":1,"3":1,"4":1,"5":1,"6":1,"7":1,"8":1,"9":1,"10":1,"11":0,"12":0,"13":1,"14":1,"15":0,"16":0,"17":1,"18":1,"19":0,"20":0,"21":0,"22":0,"23":0,"24":0},"f":{"0":1,"1":1,"2":1,"3":1,"4":1,"5":0,"6":1,"7":0,"8":1,"9":0,"10":0,"11":0},"b":{},"meta":{"lastBranch":0,"lastFunction":12,"lastStatement":25,"seen":{"s:68:32:145:Infinity":0,"f:70:8:70:38":0,"s:71:21:71:Infinity":1,"s:72:4:72:Infinity":2,"f:76:8:76:16":1,"s:77:21:77:Infinity":3,"s:78:4:78:Infinity":4,"f:82:8:82:15":2,"s:83:21:83:Infinity":5,"s:84:4:84:Infinity":6,"f:88:8:88:15":3,"s:89:21:89:Infinity":7,"s:90:4:90:Infinity":8,"f:94:8:94:15":4,"s:95:21:95:Infinity":9,"s:96:4:96:Infinity":10,"f:100:8:100:22":5,"s:101:21:101:Infinity":11,"s:102:4:102:Infinity":12,"f:106:8:106:25":6,"s:107:21:110:Infinity":13,"s:111:4:111:Infinity":14,"f:115:8:115:49":7,"s:116:21:116:Infinity":15,"s:117:4:117:Infinity":16,"f:121:8:121:24":8,"s:122:21:124:Infinity":17,"s:125:4:125:Infinity":18,"f:129:8:129:57":9,"s:130:21:130:Infinity":19,"s:131:4:131:Infinity":20,"f:135:8:135:57":10,"s:136:21:136:Infinity":21,"s:137:4:137:Infinity":22,"f:141:8:141:45":11,"s:142:21:142:Infinity":23,"s:143:4:143:Infinity":24},"fnNames":{}}}
,"/Users/andresjurado/Documents/Proyecto/FrontEnd/conectamente-frontend/src/services/especialidadesService.ts": {"path":"/Users/andresjurado/Documents/Proyecto/FrontEnd/conectamente-frontend/src/services/especialidadesService.ts","statementMap":{"0":{"start":{"line":8,"column":37},"end":{"line":14,"column":null}},"1":{"start":{"line":11,"column":21},"end":{"line":11,"column":null}},"2":{"start":{"line":12,"column":4},"end":{"line":12,"column":null}}},"fnMap":{"0":{"name":"(anonymous_0)","decl":{"start":{"line":9,"column":10},"end":{"line":9,"column":22}},"loc":{"start":{"line":9,"column":22},"end":{"line":13,"column":null}},"line":9}},"branchMap":{},"s":{"0":2,"1":3,"2":2},"f":{"0":3},"b":{},"meta":{"lastBranch":0,"lastFunction":1,"lastStatement":3,"seen":{"s:8:37:14:Infinity":0,"f:9:10:9:22":0,"s:11:21:11:Infinity":1,"s:12:4:12:Infinity":2},"fnNames":{}}}
,"/Users/andresjurado/Documents/Proyecto/FrontEnd/conectamente-frontend/src/services/historialService.ts": {"path":"/Users/andresjurado/Documents/Proyecto/FrontEnd/conectamente-frontend/src/services/historialService.ts","statementMap":{"0":{"start":{"line":11,"column":32},"end":{"line":42,"column":null}},"1":{"start":{"line":15,"column":21},"end":{"line":15,"column":null}},"2":{"start":{"line":16,"column":4},"end":{"line":16,"column":null}},"3":{"start":{"line":21,"column":21},"end":{"line":21,"column":null}},"4":{"start":{"line":22,"column":4},"end":{"line":28,"column":null}},"5":{"start":{"line":22,"column":28},"end":{"line":22,"column":56}},"6":{"start":{"line":22,"column":68},"end":{"line":28,"column":6}},"7":{"start":{"line":33,"column":21},"end":{"line":39,"column":null}},"8":{"start":{"line":40,"column":4},"end":{"line":40,"column":null}}},"fnMap":{"0":{"name":"(anonymous_0)","decl":{"start":{"line":14,"column":10},"end":{"line":14,"column":22}},"loc":{"start":{"line":14,"column":22},"end":{"line":17,"column":null}},"line":14},"1":{"name":"(anonymous_1)","decl":{"start":{"line":20,"column":26},"end":{"line":20,"column":33}},"loc":{"start":{"line":20,"column":55},"end":{"line":29,"column":null}},"line":20},"2":{"name":"(anonymous_2)","decl":{"start":{"line":22,"column":16},"end":{"line":22,"column":23}},"loc":{"start":{"line":22,"column":28},"end":{"line":22,"column":56}},"line":22},"3":{"name":"(anonymous_3)","decl":{"start":{"line":22,"column":58},"end":{"line":22,"column":62}},"loc":{"start":{"line":22,"column":68},"end":{"line":28,"column":6}},"line":22},"4":{"name":"(anonymous_4)","decl":{"start":{"line":32,"column":10},"end":{"line":32,"column":17}},"loc":{"start":{"line":32,"column":123},"end":{"line":41,"column":null}},"line":32}},"branchMap":{"0":{"loc":{"start":{"line":35,"column":19},"end":{"line":35,"column":null}},"type":"cond-expr","locations":[{"start":{"line":35,"column":39},"end":{"line":35,"column":83}},{"start":{"line":35,"column":83},"end":{"line":35,"column":null}}],"line":35}},"s":{"0":1,"1":1,"2":1,"3":1,"4":1,"5":2,"6":1,"7":1,"8":1},"f":{"0":1,"1":1,"2":2,"3":1,"4":1},"b":{"0":[0,1]},"meta":{"lastBranch":1,"lastFunction":5,"lastStatement":9,"seen":{"s:11:32:42:Infinity":0,"f:14:10:14:22":0,"s:15:21:15:Infinity":1,"s:16:4:16:Infinity":2,"f:20:26:20:33":1,"s:21:21:21:Infinity":3,"s:22:4:28:Infinity":4,"f:22:16:22:23":2,"s:22:28:22:56":5,"f:22:58:22:62":3,"s:22:68:28:6":6,"f:32:10:32:17":4,"s:33:21:39:Infinity":7,"b:35:39:35:83:35:83:35:Infinity":0,"s:40:4:40:Infinity":8},"fnNames":{}}}
,"/Users/andresjurado/Documents/Proyecto/FrontEnd/conectamente-frontend/src/services/notificacionesService.ts": {"path":"/Users/andresjurado/Documents/Proyecto/FrontEnd/conectamente-frontend/src/services/notificacionesService.ts","statementMap":{"0":{"start":{"line":22,"column":37},"end":{"line":64,"column":null}},"1":{"start":{"line":25,"column":21},"end":{"line":25,"column":null}},"2":{"start":{"line":26,"column":4},"end":{"line":26,"column":null}},"3":{"start":{"line":31,"column":21},"end":{"line":31,"column":null}},"4":{"start":{"line":32,"column":4},"end":{"line":32,"column":null}},"5":{"start":{"line":37,"column":21},"end":{"line":37,"column":null}},"6":{"start":{"line":38,"column":4},"end":{"line":38,"column":null}},"7":{"start":{"line":43,"column":21},"end":{"line":43,"column":null}},"8":{"start":{"line":44,"column":4},"end":{"line":44,"column":null}},"9":{"start":{"line":49,"column":21},"end":{"line":49,"column":null}},"10":{"start":{"line":50,"column":4},"end":{"line":50,"column":null}},"11":{"start":{"line":55,"column":21},"end":{"line":55,"column":null}},"12":{"start":{"line":56,"column":4},"end":{"line":56,"column":null}},"13":{"start":{"line":61,"column":21},"end":{"line":61,"column":null}},"14":{"start":{"line":62,"column":4},"end":{"line":62,"column":null}}},"fnMap":{"0":{"name":"(anonymous_0)","decl":{"start":{"line":24,"column":10},"end":{"line":24,"column":17}},"loc":{"start":{"line":24,"column":48},"end":{"line":27,"column":null}},"line":24},"1":{"name":"(anonymous_1)","decl":{"start":{"line":30,"column":17},"end":{"line":30,"column":24}},"loc":{"start":{"line":30,"column":46},"end":{"line":33,"column":null}},"line":30},"2":{"name":"(anonymous_2)","decl":{"start":{"line":36,"column":11},"end":{"line":36,"column":18}},"loc":{"start":{"line":36,"column":33},"end":{"line":39,"column":null}},"line":36},"3":{"name":"(anonymous_3)","decl":{"start":{"line":42,"column":11},"end":{"line":42,"column":23}},"loc":{"start":{"line":42,"column":23},"end":{"line":45,"column":null}},"line":42},"4":{"name":"(anonymous_4)","decl":{"start":{"line":48,"column":19},"end":{"line":48,"column":26}},"loc":{"start":{"line":48,"column":41},"end":{"line":51,"column":null}},"line":48},"5":{"name":"(anonymous_5)","decl":{"start":{"line":54,"column":10},"end":{"line":54,"column":17}},"loc":{"start":{"line":54,"column":42},"end":{"line":57,"column":null}},"line":54},"6":{"name":"(anonymous_6)","decl":{"start":{"line":60,"column":10},"end":{"line":60,"column":17}},"loc":{"start":{"line":60,"column":32},"end":{"line":63,"column":null}},"line":60}},"branchMap":{},"s":{"0":1,"1":1,"2":1,"3":1,"4":1,"5":0,"6":0,"7":0,"8":0,"9":1,"10":1,"11":0,"12":0,"13":1,"14":1},"f":{"0":1,"1":1,"2":0,"3":0,"4":1,"5":0,"6":1},"b":{},"meta":{"lastBranch":0,"lastFunction":7,"lastStatement":15,"seen":{"s:22:37:64:Infinity":0,"f:24:10:24:17":0,"s:25:21:25:Infinity":1,"s:26:4:26:Infinity":2,"f:30:17:30:24":1,"s:31:21:31:Infinity":3,"s:32:4:32:Infinity":4,"f:36:11:36:18":2,"s:37:21:37:Infinity":5,"s:38:4:38:Infinity":6,"f:42:11:42:23":3,"s:43:21:43:Infinity":7,"s:44:4:44:Infinity":8,"f:48:19:48:26":4,"s:49:21:49:Infinity":9,"s:50:4:50:Infinity":10,"f:54:10:54:17":5,"s:55:21:55:Infinity":11,"s:56:4:56:Infinity":12,"f:60:10:60:17":6,"s:61:21:61:Infinity":13,"s:62:4:62:Infinity":14},"fnNames":{}}}
,"/Users/andresjurado/Documents/Proyecto/FrontEnd/conectamente-frontend/src/services/pacientesService.ts": {"path":"/Users/andresjurado/Documents/Proyecto/FrontEnd/conectamente-frontend/src/services/pacientesService.ts","statementMap":{"0":{"start":{"line":4,"column":32},"end":{"line":45,"column":null}},"1":{"start":{"line":7,"column":21},"end":{"line":7,"column":null}},"2":{"start":{"line":8,"column":4},"end":{"line":8,"column":null}},"3":{"start":{"line":13,"column":21},"end":{"line":13,"column":null}},"4":{"start":{"line":14,"column":4},"end":{"line":14,"column":null}},"5":{"start":{"line":19,"column":21},"end":{"line":19,"column":null}},"6":{"start":{"line":20,"column":4},"end":{"line":20,"column":null}},"7":{"start":{"line":24,"column":21},"end":{"line":24,"column":null}},"8":{"start":{"line":25,"column":4},"end":{"line":25,"column":null}},"9":{"start":{"line":30,"column":21},"end":{"line":30,"column":null}},"10":{"start":{"line":31,"column":4},"end":{"line":31,"column":null}},"11":{"start":{"line":36,"column":21},"end":{"line":36,"column":null}},"12":{"start":{"line":37,"column":4},"end":{"line":37,"column":null}},"13":{"start":{"line":42,"column":21},"end":{"line":42,"column":null}},"14":{"start":{"line":43,"column":4},"end":{"line":43,"column":null}}},"fnMap":{"0":{"name":"(anonymous_0)","decl":{"start":{"line":6,"column":10},"end":{"line":6,"column":22}},"loc":{"start":{"line":6,"column":22},"end":{"line":9,"column":null}},"line":6},"1":{"name":"(anonymous_1)","decl":{"start":{"line":12,"column":21},"end":{"line":12,"column":33}},"loc":{"start":{"line":12,"column":33},"end":{"line":15,"column":null}},"line":12},"2":{"name":"(anonymous_2)","decl":{"start":{"line":18,"column":11},"end":{"line":18,"column":18}},"loc":{"start":{"line":18,"column":33},"end":{"line":21,"column":null}},"line":18},"3":{"name":"(anonymous_3)","decl":{"start":{"line":23,"column":9},"end":{"line":23,"column":21}},"loc":{"start":{"line":23,"column":21},"end":{"line":26,"column":null}},"line":23},"4":{"name":"(anonymous_4)","decl":{"start":{"line":29,"column":10},"end":{"line":29,"column":17}},"loc":{"start":{"line":29,"column":52},"end":{"line":32,"column":null}},"line":29},"5":{"name":"(anonymous_5)","decl":{"start":{"line":35,"column":10},"end":{"line":35,"column":17}},"loc":{"start":{"line":35,"column":73},"end":{"line":38,"column":null}},"line":35},"6":{"name":"(anonymous_6)","decl":{"start":{"line":41,"column":10},"end":{"line":41,"column":17}},"loc":{"start":{"line":41,"column":32},"end":{"line":44,"column":null}},"line":41}},"branchMap":{},"s":{"0":1,"1":1,"2":1,"3":1,"4":1,"5":0,"6":0,"7":1,"8":1,"9":0,"10":0,"11":0,"12":0,"13":1,"14":1},"f":{"0":1,"1":1,"2":0,"3":1,"4":0,"5":0,"6":1},"b":{},"meta":{"lastBranch":0,"lastFunction":7,"lastStatement":15,"seen":{"s:4:32:45:Infinity":0,"f:6:10:6:22":0,"s:7:21:7:Infinity":1,"s:8:4:8:Infinity":2,"f:12:21:12:33":1,"s:13:21:13:Infinity":3,"s:14:4:14:Infinity":4,"f:18:11:18:18":2,"s:19:21:19:Infinity":5,"s:20:4:20:Infinity":6,"f:23:9:23:21":3,"s:24:21:24:Infinity":7,"s:25:4:25:Infinity":8,"f:29:10:29:17":4,"s:30:21:30:Infinity":9,"s:31:4:31:Infinity":10,"f:35:10:35:17":5,"s:36:21:36:Infinity":11,"s:37:4:37:Infinity":12,"f:41:10:41:17":6,"s:42:21:42:Infinity":13,"s:43:4:43:Infinity":14},"fnNames":{}}}
,"/Users/andresjurado/Documents/Proyecto/FrontEnd/conectamente-frontend/src/services/perfilService.ts": {"path":"/Users/andresjurado/Documents/Proyecto/FrontEnd/conectamente-frontend/src/services/perfilService.ts","statementMap":{"0":{"start":{"line":19,"column":29},"end":{"line":31,"column":null}},"1":{"start":{"line":22,"column":21},"end":{"line":22,"column":null}},"2":{"start":{"line":23,"column":4},"end":{"line":23,"column":null}},"3":{"start":{"line":28,"column":21},"end":{"line":28,"column":null}},"4":{"start":{"line":29,"column":4},"end":{"line":29,"column":null}}},"fnMap":{"0":{"name":"(anonymous_0)","decl":{"start":{"line":21,"column":9},"end":{"line":21,"column":21}},"loc":{"start":{"line":21,"column":21},"end":{"line":24,"column":null}},"line":21},"1":{"name":"(anonymous_1)","decl":{"start":{"line":27,"column":10},"end":{"line":27,"column":17}},"loc":{"start":{"line":27,"column":50},"end":{"line":30,"column":null}},"line":27}},"branchMap":{},"s":{"0":1,"1":1,"2":1,"3":1,"4":1},"f":{"0":1,"1":1},"b":{},"meta":{"lastBranch":0,"lastFunction":2,"lastStatement":5,"seen":{"s:19:29:31:Infinity":0,"f:21:9:21:21":0,"s:22:21:22:Infinity":1,"s:23:4:23:Infinity":2,"f:27:10:27:17":1,"s:28:21:28:Infinity":3,"s:29:4:29:Infinity":4},"fnNames":{}}}
,"/Users/andresjurado/Documents/Proyecto/FrontEnd/conectamente-frontend/src/services/progresoService.ts": {"path":"/Users/andresjurado/Documents/Proyecto/FrontEnd/conectamente-frontend/src/services/progresoService.ts","statementMap":{"0":{"start":{"line":34,"column":31},"end":{"line":67,"column":null}},"1":{"start":{"line":37,"column":21},"end":{"line":37,"column":null}},"2":{"start":{"line":38,"column":4},"end":{"line":38,"column":null}},"3":{"start":{"line":43,"column":21},"end":{"line":43,"column":null}},"4":{"start":{"line":44,"column":4},"end":{"line":44,"column":null}},"5":{"start":{"line":49,"column":21},"end":{"line":49,"column":null}},"6":{"start":{"line":50,"column":4},"end":{"line":50,"column":null}},"7":{"start":{"line":54,"column":21},"end":{"line":54,"column":null}},"8":{"start":{"line":55,"column":4},"end":{"line":55,"column":null}},"9":{"start":{"line":59,"column":21},"end":{"line":59,"column":null}},"10":{"start":{"line":60,"column":4},"end":{"line":60,"column":null}},"11":{"start":{"line":64,"column":21},"end":{"line":64,"column":null}},"12":{"start":{"line":65,"column":4},"end":{"line":65,"column":null}}},"fnMap":{"0":{"name":"(anonymous_0)","decl":{"start":{"line":36,"column":10},"end":{"line":36,"column":22}},"loc":{"start":{"line":36,"column":22},"end":{"line":39,"column":null}},"line":36},"1":{"name":"(anonymous_1)","decl":{"start":{"line":42,"column":17},"end":{"line":42,"column":24}},"loc":{"start":{"line":42,"column":47},"end":{"line":45,"column":null}},"line":42},"2":{"name":"(anonymous_2)","decl":{"start":{"line":48,"column":15},"end":{"line":48,"column":27}},"loc":{"start":{"line":48,"column":27},"end":{"line":51,"column":null}},"line":48},"3":{"name":"(anonymous_3)","decl":{"start":{"line":53,"column":10},"end":{"line":53,"column":17}},"loc":{"start":{"line":53,"column":48},"end":{"line":56,"column":null}},"line":53},"4":{"name":"(anonymous_4)","decl":{"start":{"line":58,"column":10},"end":{"line":58,"column":17}},"loc":{"start":{"line":58,"column":69},"end":{"line":61,"column":null}},"line":58},"5":{"name":"(anonymous_5)","decl":{"start":{"line":63,"column":10},"end":{"line":63,"column":17}},"loc":{"start":{"line":63,"column":32},"end":{"line":66,"column":null}},"line":63}},"branchMap":{},"s":{"0":1,"1":0,"2":0,"3":1,"4":1,"5":0,"6":0,"7":1,"8":1,"9":0,"10":0,"11":1,"12":1},"f":{"0":0,"1":1,"2":0,"3":1,"4":0,"5":1},"b":{},"meta":{"lastBranch":0,"lastFunction":6,"lastStatement":13,"seen":{"s:34:31:67:Infinity":0,"f:36:10:36:22":0,"s:37:21:37:Infinity":1,"s:38:4:38:Infinity":2,"f:42:17:42:24":1,"s:43:21:43:Infinity":3,"s:44:4:44:Infinity":4,"f:48:15:48:27":2,"s:49:21:49:Infinity":5,"s:50:4:50:Infinity":6,"f:53:10:53:17":3,"s:54:21:54:Infinity":7,"s:55:4:55:Infinity":8,"f:58:10:58:17":4,"s:59:21:59:Infinity":9,"s:60:4:60:Infinity":10,"f:63:10:63:17":5,"s:64:21:64:Infinity":11,"s:65:4:65:Infinity":12},"fnNames":{}}}
,"/Users/andresjurado/Documents/Proyecto/FrontEnd/conectamente-frontend/src/services/psicologosService.ts": {"path":"/Users/andresjurado/Documents/Proyecto/FrontEnd/conectamente-frontend/src/services/psicologosService.ts","statementMap":{"0":{"start":{"line":19,"column":33},"end":{"line":79,"column":null}},"1":{"start":{"line":22,"column":21},"end":{"line":22,"column":null}},"2":{"start":{"line":24,"column":4},"end":{"line":36,"column":null}},"3":{"start":{"line":24,"column":28},"end":{"line":36,"column":6}},"4":{"start":{"line":41,"column":21},"end":{"line":41,"column":null}},"5":{"start":{"line":42,"column":4},"end":{"line":42,"column":null}},"6":{"start":{"line":47,"column":20},"end":{"line":56,"column":null}},"7":{"start":{"line":58,"column":21},"end":{"line":58,"column":null}},"8":{"start":{"line":59,"column":4},"end":{"line":59,"column":null}},"9":{"start":{"line":64,"column":20},"end":{"line":68,"column":null}},"10":{"start":{"line":70,"column":21},"end":{"line":70,"column":null}},"11":{"start":{"line":71,"column":4},"end":{"line":71,"column":null}},"12":{"start":{"line":76,"column":21},"end":{"line":76,"column":null}},"13":{"start":{"line":77,"column":4},"end":{"line":77,"column":null}}},"fnMap":{"0":{"name":"(anonymous_0)","decl":{"start":{"line":21,"column":10},"end":{"line":21,"column":22}},"loc":{"start":{"line":21,"column":22},"end":{"line":37,"column":null}},"line":21},"1":{"name":"(anonymous_1)","decl":{"start":{"line":24,"column":16},"end":{"line":24,"column":21}},"loc":{"start":{"line":24,"column":28},"end":{"line":36,"column":6}},"line":24},"2":{"name":"(anonymous_2)","decl":{"start":{"line":40,"column":11},"end":{"line":40,"column":18}},"loc":{"start":{"line":40,"column":33},"end":{"line":43,"column":null}},"line":40},"3":{"name":"(anonymous_3)","decl":{"start":{"line":46,"column":10},"end":{"line":46,"column":17}},"loc":{"start":{"line":46,"column":57},"end":{"line":60,"column":null}},"line":46},"4":{"name":"(anonymous_4)","decl":{"start":{"line":63,"column":10},"end":{"line":63,"column":17}},"loc":{"start":{"line":63,"column":130},"end":{"line":72,"column":null}},"line":63},"5":{"name":"(anonymous_5)","decl":{"start":{"line":75,"column":10},"end":{"line":75,"column":17}},"loc":{"start":{"line":75,"column":39},"end":{"line":78,"column":null}},"line":75}},"branchMap":{"0":{"loc":{"start":{"line":26,"column":20},"end":{"line":26,"column":null}},"type":"binary-expr","locations":[{"start":{"line":26,"column":20},"end":{"line":26,"column":38}},{"start":{"line":26,"column":38},"end":{"line":26,"column":null}}],"line":26},"1":{"loc":{"start":{"line":27,"column":27},"end":{"line":27,"column":null}},"type":"binary-expr","locations":[{"start":{"line":27,"column":27},"end":{"line":27,"column":47}},{"start":{"line":27,"column":47},"end":{"line":27,"column":null}}],"line":27},"2":{"loc":{"start":{"line":28,"column":16},"end":{"line":28,"column":null}},"type":"binary-expr","locations":[{"start":{"line":28,"column":16},"end":{"line":28,"column":30}},{"start":{"line":28,"column":30},"end":{"line":28,"column":null}}],"line":28},"3":{"loc":{"start":{"line":31,"column":16},"end":{"line":31,"column":null}},"type":"binary-expr","locations":[{"start":{"line":31,"column":16},"end":{"line":31,"column":37}},{"start":{"line":31,"column":37},"end":{"line":31,"column":null}}],"line":31},"4":{"loc":{"start":{"line":32,"column":18},"end":{"line":32,"column":null}},"type":"binary-expr","locations":[{"start":{"line":32,"column":18},"end":{"line":32,"column":41}},{"start":{"line":32,"column":41},"end":{"line":32,"column":null}}],"line":32},"5":{"loc":{"start":{"line":33,"column":15},"end":{"line":33,"column":null}},"type":"binary-expr","locations":[{"start":{"line":33,"column":15},"end":{"line":33,"column":35}},{"start":{"line":33,"column":35},"end":{"line":33,"column":null}}],"line":33},"6":{"loc":{"start":{"line":34,"column":13},"end":{"line":34,"column":null}},"type":"binary-expr","locations":[{"start":{"line":34,"column":13},"end":{"line":34,"column":31}},{"start":{"line":34,"column":31},"end":{"line":34,"column":null}}],"line":34},"7":{"loc":{"start":{"line":51,"column":16},"end":{"line":51,"column":null}},"type":"binary-expr","locations":[{"start":{"line":51,"column":16},"end":{"line":51,"column":42}},{"start":{"line":51,"column":42},"end":{"line":51,"column":null}}],"line":51}},"s":{"0":1,"1":3,"2":2,"3":2,"4":0,"5":0,"6":1,"7":1,"8":1,"9":1,"10":1,"11":1,"12":1,"13":1},"f":{"0":3,"1":2,"2":0,"3":1,"4":1,"5":1},"b":{"0":[2,1],"1":[2,1],"2":[2,1],"3":[2,1],"4":[2,1],"5":[2,1],"6":[2,1],"7":[1,1]},"meta":{"lastBranch":8,"lastFunction":6,"lastStatement":14,"seen":{"s:19:33:79:Infinity":0,"f:21:10:21:22":0,"s:22:21:22:Infinity":1,"s:24:4:36:Infinity":2,"f:24:16:24:21":1,"s:24:28:36:6":3,"b:26:20:26:38:26:38:26:Infinity":0,"b:27:27:27:47:27:47:27:Infinity":1,"b:28:16:28:30:28:30:28:Infinity":2,"b:31:16:31:37:31:37:31:Infinity":3,"b:32:18:32:41:32:41:32:Infinity":4,"b:33:15:33:35:33:35:33:Infinity":5,"b:34:13:34:31:34:31:34:Infinity":6,"f:40:11:40:18":2,"s:41:21:41:Infinity":4,"s:42:4:42:Infinity":5,"f:46:10:46:17":3,"s:47:20:56:Infinity":6,"b:51:16:51:42:51:42:51:Infinity":7,"s:58:21:58:Infinity":7,"s:59:4:59:Infinity":8,"f:63:10:63:17":4,"s:64:20:68:Infinity":9,"s:70:21:70:Infinity":10,"s:71:4:71:Infinity":11,"f:75:10:75:17":5,"s:76:21:76:Infinity":12,"s:77:4:77:Infinity":13},"fnNames":{}}}
,"/Users/andresjurado/Documents/Proyecto/FrontEnd/conectamente-frontend/src/services/recomendacionesService.ts": {"path":"/Users/andresjurado/Documents/Proyecto/FrontEnd/conectamente-frontend/src/services/recomendacionesService.ts","statementMap":{"0":{"start":{"line":45,"column":38},"end":{"line":81,"column":null}},"1":{"start":{"line":48,"column":21},"end":{"line":48,"column":null}},"2":{"start":{"line":49,"column":4},"end":{"line":49,"column":null}},"3":{"start":{"line":54,"column":21},"end":{"line":54,"column":null}},"4":{"start":{"line":55,"column":4},"end":{"line":55,"column":null}},"5":{"start":{"line":60,"column":21},"end":{"line":60,"column":null}},"6":{"start":{"line":61,"column":4},"end":{"line":61,"column":null}},"7":{"start":{"line":66,"column":35},"end":{"line":66,"column":null}},"8":{"start":{"line":67,"column":4},"end":{"line":67,"column":null}},"9":{"start":{"line":72,"column":35},"end":{"line":72,"column":null}},"10":{"start":{"line":73,"column":4},"end":{"line":73,"column":null}},"11":{"start":{"line":78,"column":35},"end":{"line":78,"column":null}},"12":{"start":{"line":79,"column":4},"end":{"line":79,"column":null}}},"fnMap":{"0":{"name":"getAll","decl":{"start":{"line":47,"column":8},"end":{"line":47,"column":43}},"loc":{"start":{"line":47,"column":43},"end":{"line":50,"column":null}},"line":47},"1":{"name":"getById","decl":{"start":{"line":53,"column":8},"end":{"line":53,"column":16}},"loc":{"start":{"line":53,"column":52},"end":{"line":56,"column":null}},"line":53},"2":{"name":"getByPaciente","decl":{"start":{"line":59,"column":8},"end":{"line":59,"column":22}},"loc":{"start":{"line":59,"column":68},"end":{"line":62,"column":null}},"line":59},"3":{"name":"create","decl":{"start":{"line":65,"column":8},"end":{"line":65,"column":15}},"loc":{"start":{"line":65,"column":69},"end":{"line":68,"column":null}},"line":65},"4":{"name":"update","decl":{"start":{"line":71,"column":8},"end":{"line":71,"column":15}},"loc":{"start":{"line":71,"column":81},"end":{"line":74,"column":null}},"line":71},"5":{"name":"delete","decl":{"start":{"line":77,"column":8},"end":{"line":77,"column":15}},"loc":{"start":{"line":77,"column":70},"end":{"line":80,"column":null}},"line":77}},"branchMap":{},"s":{"0":1,"1":1,"2":1,"3":1,"4":1,"5":1,"6":1,"7":1,"8":1,"9":1,"10":1,"11":1,"12":1},"f":{"0":1,"1":1,"2":1,"3":1,"4":1,"5":1},"b":{},"meta":{"lastBranch":0,"lastFunction":6,"lastStatement":13,"seen":{"s:45:38:81:Infinity":0,"f:47:8:47:43":0,"s:48:21:48:Infinity":1,"s:49:4:49:Infinity":2,"f:53:8:53:16":1,"s:54:21:54:Infinity":3,"s:55:4:55:Infinity":4,"f:59:8:59:22":2,"s:60:21:60:Infinity":5,"s:61:4:61:Infinity":6,"f:65:8:65:15":3,"s:66:35:66:Infinity":7,"s:67:4:67:Infinity":8,"f:71:8:71:15":4,"s:72:35:72:Infinity":9,"s:73:4:73:Infinity":10,"f:77:8:77:15":5,"s:78:35:78:Infinity":11,"s:79:4:79:Infinity":12},"fnNames":{}}}
,"/Users/andresjurado/Documents/Proyecto/FrontEnd/conectamente-frontend/src/services/solicitudesPsicologosService.ts": {"path":"/Users/andresjurado/Documents/Proyecto/FrontEnd/conectamente-frontend/src/services/solicitudesPsicologosService.ts","statementMap":{"0":{"start":{"line":30,"column":44},"end":{"line":54,"column":null}},"1":{"start":{"line":33,"column":21},"end":{"line":33,"column":null}},"2":{"start":{"line":34,"column":4},"end":{"line":34,"column":null}},"3":{"start":{"line":39,"column":21},"end":{"line":39,"column":null}},"4":{"start":{"line":40,"column":4},"end":{"line":40,"column":null}},"5":{"start":{"line":45,"column":21},"end":{"line":45,"column":null}},"6":{"start":{"line":46,"column":4},"end":{"line":46,"column":null}},"7":{"start":{"line":51,"column":21},"end":{"line":51,"column":null}},"8":{"start":{"line":52,"column":4},"end":{"line":52,"column":null}}},"fnMap":{"0":{"name":"(anonymous_0)","decl":{"start":{"line":32,"column":19},"end":{"line":32,"column":26}},"loc":{"start":{"line":32,"column":66},"end":{"line":35,"column":null}},"line":32},"1":{"name":"(anonymous_1)","decl":{"start":{"line":38,"column":18},"end":{"line":38,"column":30}},"loc":{"start":{"line":38,"column":30},"end":{"line":41,"column":null}},"line":38},"2":{"name":"(anonymous_2)","decl":{"start":{"line":44,"column":20},"end":{"line":44,"column":27}},"loc":{"start":{"line":44,"column":75},"end":{"line":47,"column":null}},"line":44},"3":{"name":"(anonymous_3)","decl":{"start":{"line":50,"column":21},"end":{"line":50,"column":28}},"loc":{"start":{"line":50,"column":76},"end":{"line":53,"column":null}},"line":50}},"branchMap":{},"s":{"0":1,"1":1,"2":1,"3":1,"4":1,"5":1,"6":1,"7":1,"8":1},"f":{"0":1,"1":1,"2":1,"3":1},"b":{},"meta":{"lastBranch":0,"lastFunction":4,"lastStatement":9,"seen":{"s:30:44:54:Infinity":0,"f:32:19:32:26":0,"s:33:21:33:Infinity":1,"s:34:4:34:Infinity":2,"f:38:18:38:30":1,"s:39:21:39:Infinity":3,"s:40:4:40:Infinity":4,"f:44:20:44:27":2,"s:45:21:45:Infinity":5,"s:46:4:46:Infinity":6,"f:50:21:50:28":3,"s:51:21:51:Infinity":7,"s:52:4:52:Infinity":8},"fnNames":{}}}
,"/Users/andresjurado/Documents/Proyecto/FrontEnd/conectamente-frontend/src/services/solicitudesService.ts": {"path":"/Users/andresjurado/Documents/Proyecto/FrontEnd/conectamente-frontend/src/services/solicitudesService.ts","statementMap":{"0":{"start":{"line":16,"column":34},"end":{"line":34,"column":null}},"1":{"start":{"line":19,"column":21},"end":{"line":19,"column":null}},"2":{"start":{"line":20,"column":4},"end":{"line":20,"column":null}},"3":{"start":{"line":25,"column":21},"end":{"line":25,"column":null}},"4":{"start":{"line":26,"column":4},"end":{"line":26,"column":null}},"5":{"start":{"line":31,"column":21},"end":{"line":31,"column":null}},"6":{"start":{"line":32,"column":4},"end":{"line":32,"column":null}}},"fnMap":{"0":{"name":"(anonymous_0)","decl":{"start":{"line":18,"column":10},"end":{"line":18,"column":17}},"loc":{"start":{"line":18,"column":66},"end":{"line":21,"column":null}},"line":18},"1":{"name":"(anonymous_1)","decl":{"start":{"line":24,"column":14},"end":{"line":24,"column":26}},"loc":{"start":{"line":24,"column":26},"end":{"line":27,"column":null}},"line":24},"2":{"name":"(anonymous_2)","decl":{"start":{"line":30,"column":12},"end":{"line":30,"column":19}},"loc":{"start":{"line":30,"column":77},"end":{"line":33,"column":null}},"line":30}},"branchMap":{},"s":{"0":1,"1":1,"2":1,"3":1,"4":1,"5":1,"6":1},"f":{"0":1,"1":1,"2":1},"b":{},"meta":{"lastBranch":0,"lastFunction":3,"lastStatement":7,"seen":{"s:16:34:34:Infinity":0,"f:18:10:18:17":0,"s:19:21:19:Infinity":1,"s:20:4:20:Infinity":2,"f:24:14:24:26":1,"s:25:21:25:Infinity":3,"s:26:4:26:Infinity":4,"f:30:12:30:19":2,"s:31:21:31:Infinity":5,"s:32:4:32:Infinity":6},"fnNames":{}}}
,"/Users/andresjurado/Documents/Proyecto/FrontEnd/conectamente-frontend/src/services/testsPsicometricosService.ts": {"path":"/Users/andresjurado/Documents/Proyecto/FrontEnd/conectamente-frontend/src/services/testsPsicometricosService.ts","statementMap":{"0":{"start":{"line":39,"column":41},"end":{"line":99,"column":null}},"1":{"start":{"line":42,"column":21},"end":{"line":42,"column":null}},"2":{"start":{"line":43,"column":4},"end":{"line":43,"column":null}},"3":{"start":{"line":48,"column":21},"end":{"line":48,"column":null}},"4":{"start":{"line":49,"column":4},"end":{"line":49,"column":null}},"5":{"start":{"line":54,"column":21},"end":{"line":57,"column":null}},"6":{"start":{"line":58,"column":4},"end":{"line":58,"column":null}},"7":{"start":{"line":63,"column":21},"end":{"line":63,"column":null}},"8":{"start":{"line":64,"column":4},"end":{"line":64,"column":null}},"9":{"start":{"line":69,"column":21},"end":{"line":75,"column":null}},"10":{"start":{"line":76,"column":4},"end":{"line":76,"column":null}},"11":{"start":{"line":81,"column":21},"end":{"line":81,"column":null}},"12":{"start":{"line":82,"column":4},"end":{"line":82,"column":null}},"13":{"start":{"line":88,"column":21},"end":{"line":90,"column":null}},"14":{"start":{"line":91,"column":4},"end":{"line":91,"column":null}},"15":{"start":{"line":96,"column":21},"end":{"line":96,"column":null}},"16":{"start":{"line":97,"column":4},"end":{"line":97,"column":null}}},"fnMap":{"0":{"name":"(anonymous_0)","decl":{"start":{"line":41,"column":32},"end":{"line":41,"column":44}},"loc":{"start":{"line":41,"column":44},"end":{"line":44,"column":null}},"line":41},"1":{"name":"(anonymous_1)","decl":{"start":{"line":47,"column":31},"end":{"line":47,"column":43}},"loc":{"start":{"line":47,"column":43},"end":{"line":50,"column":null}},"line":47},"2":{"name":"(anonymous_2)","decl":{"start":{"line":53,"column":15},"end":{"line":53,"column":22}},"loc":{"start":{"line":53,"column":65},"end":{"line":59,"column":null}},"line":53},"3":{"name":"(anonymous_3)","decl":{"start":{"line":62,"column":18},"end":{"line":62,"column":25}},"loc":{"start":{"line":62,"column":50},"end":{"line":65,"column":null}},"line":62},"4":{"name":"(anonymous_4)","decl":{"start":{"line":68,"column":17},"end":{"line":68,"column":24}},"loc":{"start":{"line":68,"column":181},"end":{"line":77,"column":null}},"line":68},"5":{"name":"(anonymous_5)","decl":{"start":{"line":80,"column":17},"end":{"line":80,"column":29}},"loc":{"start":{"line":80,"column":29},"end":{"line":83,"column":null}},"line":80},"6":{"name":"(anonymous_6)","decl":{"start":{"line":87,"column":23},"end":{"line":87,"column":30}},"loc":{"start":{"line":87,"column":51},"end":{"line":92,"column":null}},"line":87},"7":{"name":"(anonymous_7)","decl":{"start":{"line":95,"column":11},"end":{"line":95,"column":18}},"loc":{"start":{"line":95,"column":33},"end":{"line":98,"column":null}},"line":95}},"branchMap":{},"s":{"0":1,"1":1,"2":1,"3":1,"4":1,"5":1,"6":1,"7":1,"8":1,"9":1,"10":1,"11":1,"12":1,"13":1,"14":1,"15":1,"16":1},"f":{"0":1,"1":1,"2":1,"3":1,"4":1,"5":1,"6":1,"7":1},"b":{},"meta":{"lastBranch":0,"lastFunction":8,"lastStatement":17,"seen":{"s:39:41:99:Infinity":0,"f:41:32:41:44":0,"s:42:21:42:Infinity":1,"s:43:4:43:Infinity":2,"f:47:31:47:43":1,"s:48:21:48:Infinity":3,"s:49:4:49:Infinity":4,"f:53:15:53:22":2,"s:54:21:57:Infinity":5,"s:58:4:58:Infinity":6,"f:62:18:62:25":3,"s:63:21:63:Infinity":7,"s:64:4:64:Infinity":8,"f:68:17:68:24":4,"s:69:21:75:Infinity":9,"s:76:4:76:Infinity":10,"f:80:17:80:29":5,"s:81:21:81:Infinity":11,"s:82:4:82:Infinity":12,"f:87:23:87:30":6,"s:88:21:90:Infinity":13,"s:91:4:91:Infinity":14,"f:95:11:95:18":7,"s:96:21:96:Infinity":15,"s:97:4:97:Infinity":16},"fnNames":{}}}
}
