{"total": {"lines":{"total":333,"covered":285,"skipped":0,"pct":85.58},"statements":{"total":350,"covered":296,"skipped":0,"pct":84.57},"functions":{"total":138,"covered":113,"skipped":0,"pct":81.88},"branches":{"total":172,"covered":136,"skipped":0,"pct":79.06},"branchesTrue":{"total":0,"covered":0,"skipped":0,"pct":100}}
,"/Users/andresjurado/Documents/Proyecto/FrontEnd/conectamente-frontend/src/api/axiosConfig.ts": {"lines":{"total":14,"covered":12,"skipped":0,"pct":85.71},"functions":{"total":4,"covered":2,"skipped":0,"pct":50},"statements":{"total":14,"covered":12,"skipped":0,"pct":85.71},"branches":{"total":10,"covered":8,"skipped":0,"pct":80}}
,"/Users/andresjurado/Documents/Proyecto/FrontEnd/conectamente-frontend/src/components/FormPaciente.tsx": {"lines":{"total":16,"covered":15,"skipped":0,"pct":93.75},"functions":{"total":13,"covered":12,"skipped":0,"pct":92.3},"statements":{"total":16,"covered":15,"skipped":0,"pct":93.75},"branches":{"total":38,"covered":33,"skipped":0,"pct":86.84}}
,"/Users/andresjurado/Documents/Proyecto/FrontEnd/conectamente-frontend/src/components/FormPsicologo.tsx": {"lines":{"total":21,"covered":21,"skipped":0,"pct":100},"functions":{"total":11,"covered":11,"skipped":0,"pct":100},"statements":{"total":21,"covered":21,"skipped":0,"pct":100},"branches":{"total":28,"covered":26,"skipped":0,"pct":92.85}}
,"/Users/andresjurado/Documents/Proyecto/FrontEnd/conectamente-frontend/src/components/Logo.tsx": {"lines":{"total":2,"covered":0,"skipped":0,"pct":0},"functions":{"total":1,"covered":0,"skipped":0,"pct":0},"statements":{"total":2,"covered":0,"skipped":0,"pct":0},"branches":{"total":8,"covered":0,"skipped":0,"pct":0}}
,"/Users/andresjurado/Documents/Proyecto/FrontEnd/conectamente-frontend/src/components/NotificationBell.tsx": {"lines":{"total":47,"covered":45,"skipped":0,"pct":95.74},"functions":{"total":13,"covered":12,"skipped":0,"pct":92.3},"statements":{"total":60,"covered":52,"skipped":0,"pct":86.66},"branches":{"total":36,"covered":25,"skipped":0,"pct":69.44}}
,"/Users/andresjurado/Documents/Proyecto/FrontEnd/conectamente-frontend/src/contexts/AuthContext.tsx": {"lines":{"total":25,"covered":25,"skipped":0,"pct":100},"functions":{"total":4,"covered":4,"skipped":0,"pct":100},"statements":{"total":25,"covered":25,"skipped":0,"pct":100},"branches":{"total":20,"covered":14,"skipped":0,"pct":70}}
,"/Users/andresjurado/Documents/Proyecto/FrontEnd/conectamente-frontend/src/hooks/useAuth.ts": {"lines":{"total":5,"covered":5,"skipped":0,"pct":100},"functions":{"total":1,"covered":1,"skipped":0,"pct":100},"statements":{"total":5,"covered":5,"skipped":0,"pct":100},"branches":{"total":2,"covered":2,"skipped":0,"pct":100}}
,"/Users/andresjurado/Documents/Proyecto/FrontEnd/conectamente-frontend/src/routes/AppRoutes.tsx": {"lines":{"total":2,"covered":0,"skipped":0,"pct":0},"functions":{"total":1,"covered":0,"skipped":0,"pct":0},"statements":{"total":2,"covered":0,"skipped":0,"pct":0},"branches":{"total":0,"covered":0,"skipped":0,"pct":100}}
,"/Users/andresjurado/Documents/Proyecto/FrontEnd/conectamente-frontend/src/routes/ProtectedRoute.tsx": {"lines":{"total":9,"covered":9,"skipped":0,"pct":100},"functions":{"total":1,"covered":1,"skipped":0,"pct":100},"statements":{"total":9,"covered":9,"skipped":0,"pct":100},"branches":{"total":8,"covered":8,"skipped":0,"pct":100}}
,"/Users/andresjurado/Documents/Proyecto/FrontEnd/conectamente-frontend/src/services/adminService.ts": {"lines":{"total":11,"covered":11,"skipped":0,"pct":100},"functions":{"total":4,"covered":4,"skipped":0,"pct":100},"statements":{"total":12,"covered":12,"skipped":0,"pct":100},"branches":{"total":4,"covered":3,"skipped":0,"pct":75}}
,"/Users/andresjurado/Documents/Proyecto/FrontEnd/conectamente-frontend/src/services/agendasService.ts": {"lines":{"total":19,"covered":11,"skipped":0,"pct":57.89},"functions":{"total":9,"covered":5,"skipped":0,"pct":55.55},"statements":{"total":19,"covered":11,"skipped":0,"pct":57.89},"branches":{"total":0,"covered":0,"skipped":0,"pct":100}}
,"/Users/andresjurado/Documents/Proyecto/FrontEnd/conectamente-frontend/src/services/chatsService.ts": {"lines":{"total":9,"covered":9,"skipped":0,"pct":100},"functions":{"total":4,"covered":4,"skipped":0,"pct":100},"statements":{"total":9,"covered":9,"skipped":0,"pct":100},"branches":{"total":0,"covered":0,"skipped":0,"pct":100}}
,"/Users/andresjurado/Documents/Proyecto/FrontEnd/conectamente-frontend/src/services/citasService.ts": {"lines":{"total":11,"covered":10,"skipped":0,"pct":90.9},"functions":{"total":5,"covered":5,"skipped":0,"pct":100},"statements":{"total":11,"covered":10,"skipped":0,"pct":90.9},"branches":{"total":0,"covered":0,"skipped":0,"pct":100}}
,"/Users/andresjurado/Documents/Proyecto/FrontEnd/conectamente-frontend/src/services/encuestasService.ts": {"lines":{"total":25,"covered":15,"skipped":0,"pct":60},"functions":{"total":12,"covered":7,"skipped":0,"pct":58.33},"statements":{"total":25,"covered":15,"skipped":0,"pct":60},"branches":{"total":0,"covered":0,"skipped":0,"pct":100}}
,"/Users/andresjurado/Documents/Proyecto/FrontEnd/conectamente-frontend/src/services/especialidadesService.ts": {"lines":{"total":3,"covered":3,"skipped":0,"pct":100},"functions":{"total":1,"covered":1,"skipped":0,"pct":100},"statements":{"total":3,"covered":3,"skipped":0,"pct":100},"branches":{"total":0,"covered":0,"skipped":0,"pct":100}}
,"/Users/andresjurado/Documents/Proyecto/FrontEnd/conectamente-frontend/src/services/historialService.ts": {"lines":{"total":7,"covered":7,"skipped":0,"pct":100},"functions":{"total":5,"covered":5,"skipped":0,"pct":100},"statements":{"total":9,"covered":9,"skipped":0,"pct":100},"branches":{"total":2,"covered":1,"skipped":0,"pct":50}}
,"/Users/andresjurado/Documents/Proyecto/FrontEnd/conectamente-frontend/src/services/notificacionesService.ts": {"lines":{"total":15,"covered":9,"skipped":0,"pct":60},"functions":{"total":7,"covered":4,"skipped":0,"pct":57.14},"statements":{"total":15,"covered":9,"skipped":0,"pct":60},"branches":{"total":0,"covered":0,"skipped":0,"pct":100}}
,"/Users/andresjurado/Documents/Proyecto/FrontEnd/conectamente-frontend/src/services/pacientesService.ts": {"lines":{"total":15,"covered":9,"skipped":0,"pct":60},"functions":{"total":7,"covered":4,"skipped":0,"pct":57.14},"statements":{"total":15,"covered":9,"skipped":0,"pct":60},"branches":{"total":0,"covered":0,"skipped":0,"pct":100}}
,"/Users/andresjurado/Documents/Proyecto/FrontEnd/conectamente-frontend/src/services/perfilService.ts": {"lines":{"total":5,"covered":5,"skipped":0,"pct":100},"functions":{"total":2,"covered":2,"skipped":0,"pct":100},"statements":{"total":5,"covered":5,"skipped":0,"pct":100},"branches":{"total":0,"covered":0,"skipped":0,"pct":100}}
,"/Users/andresjurado/Documents/Proyecto/FrontEnd/conectamente-frontend/src/services/progresoService.ts": {"lines":{"total":13,"covered":7,"skipped":0,"pct":53.84},"functions":{"total":6,"covered":3,"skipped":0,"pct":50},"statements":{"total":13,"covered":7,"skipped":0,"pct":53.84},"branches":{"total":0,"covered":0,"skipped":0,"pct":100}}
,"/Users/andresjurado/Documents/Proyecto/FrontEnd/conectamente-frontend/src/services/psicologosService.ts": {"lines":{"total":13,"covered":11,"skipped":0,"pct":84.61},"functions":{"total":6,"covered":5,"skipped":0,"pct":83.33},"statements":{"total":14,"covered":12,"skipped":0,"pct":85.71},"branches":{"total":16,"covered":16,"skipped":0,"pct":100}}
,"/Users/andresjurado/Documents/Proyecto/FrontEnd/conectamente-frontend/src/services/recomendacionesService.ts": {"lines":{"total":13,"covered":13,"skipped":0,"pct":100},"functions":{"total":6,"covered":6,"skipped":0,"pct":100},"statements":{"total":13,"covered":13,"skipped":0,"pct":100},"branches":{"total":0,"covered":0,"skipped":0,"pct":100}}
,"/Users/andresjurado/Documents/Proyecto/FrontEnd/conectamente-frontend/src/services/solicitudesPsicologosService.ts": {"lines":{"total":9,"covered":9,"skipped":0,"pct":100},"functions":{"total":4,"covered":4,"skipped":0,"pct":100},"statements":{"total":9,"covered":9,"skipped":0,"pct":100},"branches":{"total":0,"covered":0,"skipped":0,"pct":100}}
,"/Users/andresjurado/Documents/Proyecto/FrontEnd/conectamente-frontend/src/services/solicitudesService.ts": {"lines":{"total":7,"covered":7,"skipped":0,"pct":100},"functions":{"total":3,"covered":3,"skipped":0,"pct":100},"statements":{"total":7,"covered":7,"skipped":0,"pct":100},"branches":{"total":0,"covered":0,"skipped":0,"pct":100}}
,"/Users/andresjurado/Documents/Proyecto/FrontEnd/conectamente-frontend/src/services/testsPsicometricosService.ts": {"lines":{"total":17,"covered":17,"skipped":0,"pct":100},"functions":{"total":8,"covered":8,"skipped":0,"pct":100},"statements":{"total":17,"covered":17,"skipped":0,"pct":100},"branches":{"total":0,"covered":0,"skipped":0,"pct":100}}
}
