{"/Users/andresjurado/Documents/Proyecto/FrontEnd/conectamente-frontend/src/api/axiosConfig.ts": {"path":"/Users/andresjurado/Documents/Proyecto/FrontEnd/conectamente-frontend/src/api/axiosConfig.ts","statementMap":{"0":{"start":{"line":3,"column":12},"end":{"line":8,"column":null}},"1":{"start":{"line":11,"column":0},"end":{"line":22,"column":null}},"2":{"start":{"line":13,"column":18},"end":{"line":13,"column":null}},"3":{"start":{"line":14,"column":4},"end":{"line":16,"column":null}},"4":{"start":{"line":15,"column":6},"end":{"line":15,"column":null}},"5":{"start":{"line":17,"column":4},"end":{"line":17,"column":null}},"6":{"start":{"line":20,"column":4},"end":{"line":20,"column":null}},"7":{"start":{"line":25,"column":0},"end":{"line":35,"column":null}},"8":{"start":{"line":26,"column":31},"end":{"line":26,"column":null}},"9":{"start":{"line":28,"column":4},"end":{"line":32,"column":null}},"10":{"start":{"line":29,"column":6},"end":{"line":29,"column":null}},"11":{"start":{"line":30,"column":6},"end":{"line":30,"column":null}},"12":{"start":{"line":31,"column":6},"end":{"line":31,"column":null}},"13":{"start":{"line":33,"column":4},"end":{"line":33,"column":null}}},"fnMap":{"0":{"name":"(anonymous_0)","decl":{"start":{"line":11,"column":25},"end":{"line":11,"column":null}},"loc":{"start":{"line":12,"column":70},"end":{"line":18,"column":null}},"line":12},"1":{"name":"(anonymous_1)","decl":{"start":{"line":18,"column":2},"end":{"line":18,"column":null}},"loc":{"start":{"line":19,"column":46},"end":{"line":21,"column":null}},"line":19},"2":{"name":"(anonymous_2)","decl":{"start":{"line":25,"column":26},"end":{"line":25,"column":null}},"loc":{"start":{"line":26,"column":31},"end":{"line":26,"column":null}},"line":26},"3":{"name":"(anonymous_3)","decl":{"start":{"line":26,"column":31},"end":{"line":26,"column":null}},"loc":{"start":{"line":27,"column":46},"end":{"line":34,"column":null}},"line":27}},"branchMap":{"0":{"loc":{"start":{"line":4,"column":12},"end":{"line":4,"column":null}},"type":"binary-expr","locations":[{"start":{"line":4,"column":12},"end":{"line":4,"column":55}},{"start":{"line":4,"column":55},"end":{"line":4,"column":null}}],"line":4},"1":{"loc":{"start":{"line":14,"column":4},"end":{"line":16,"column":null}},"type":"if","locations":[{"start":{"line":14,"column":4},"end":{"line":16,"column":null}},{"start":{},"end":{}}],"line":14},"2":{"loc":{"start":{"line":14,"column":8},"end":{"line":14,"column":33}},"type":"binary-expr","locations":[{"start":{"line":14,"column":8},"end":{"line":14,"column":17}},{"start":{"line":14,"column":17},"end":{"line":14,"column":33}}],"line":14},"3":{"loc":{"start":{"line":28,"column":4},"end":{"line":32,"column":null}},"type":"if","locations":[{"start":{"line":28,"column":4},"end":{"line":32,"column":null}},{"start":{},"end":{}}],"line":28},"4":{"loc":{"start":{"line":28,"column":8},"end":{"line":28,"column":57}},"type":"binary-expr","locations":[{"start":{"line":28,"column":8},"end":{"line":28,"column":26}},{"start":{"line":28,"column":26},"end":{"line":28,"column":57}}],"line":28}},"s":{"0":2,"1":2,"2":2,"3":2,"4":1,"5":2,"6":0,"7":2,"8":0,"9":1,"10":1,"11":1,"12":1,"13":1},"f":{"0":2,"1":0,"2":0,"3":1},"b":{"0":[2,0],"1":[1,1],"2":[2,1],"3":[1,0],"4":[1,1]},"meta":{"lastBranch":5,"lastFunction":4,"lastStatement":14,"seen":{"s:3:12:8:Infinity":0,"b:4:12:4:55:4:55:4:Infinity":0,"s:11:0:22:Infinity":1,"f:11:25:11:Infinity":0,"s:13:18:13:Infinity":2,"b:14:4:16:Infinity:undefined:undefined:undefined:undefined":1,"s:14:4:16:Infinity":3,"b:14:8:14:17:14:17:14:33":2,"s:15:6:15:Infinity":4,"s:17:4:17:Infinity":5,"f:18:2:18:Infinity":1,"s:20:4:20:Infinity":6,"s:25:0:35:Infinity":7,"f:25:26:25:Infinity":2,"s:26:31:26:Infinity":8,"f:26:31:26:Infinity":3,"b:28:4:32:Infinity:undefined:undefined:undefined:undefined":3,"s:28:4:32:Infinity":9,"b:28:8:28:26:28:26:28:57":4,"s:29:6:29:Infinity":10,"s:30:6:30:Infinity":11,"s:31:6:31:Infinity":12,"s:33:4:33:Infinity":13},"fnNames":{}}}
,"/Users/andresjurado/Documents/Proyecto/FrontEnd/conectamente-frontend/src/services/adminService.ts": {"path":"/Users/andresjurado/Documents/Proyecto/FrontEnd/conectamente-frontend/src/services/adminService.ts","statementMap":{"0":{"start":{"line":20,"column":28},"end":{"line":47,"column":null}},"1":{"start":{"line":23,"column":24},"end":{"line":23,"column":null}},"2":{"start":{"line":24,"column":4},"end":{"line":24,"column":null}},"3":{"start":{"line":24,"column":13},"end":{"line":24,"column":null}},"4":{"start":{"line":26,"column":21},"end":{"line":26,"column":null}},"5":{"start":{"line":27,"column":4},"end":{"line":27,"column":null}},"6":{"start":{"line":32,"column":21},"end":{"line":32,"column":null}},"7":{"start":{"line":33,"column":4},"end":{"line":33,"column":null}},"8":{"start":{"line":38,"column":21},"end":{"line":38,"column":null}},"9":{"start":{"line":39,"column":4},"end":{"line":39,"column":null}},"10":{"start":{"line":44,"column":21},"end":{"line":44,"column":null}},"11":{"start":{"line":45,"column":4},"end":{"line":45,"column":null}}},"fnMap":{"0":{"name":"(anonymous_0)","decl":{"start":{"line":22,"column":18},"end":{"line":22,"column":25}},"loc":{"start":{"line":22,"column":67},"end":{"line":28,"column":null}},"line":22},"1":{"name":"(anonymous_1)","decl":{"start":{"line":31,"column":14},"end":{"line":31,"column":21}},"loc":{"start":{"line":31,"column":49},"end":{"line":34,"column":null}},"line":31},"2":{"name":"(anonymous_2)","decl":{"start":{"line":37,"column":13},"end":{"line":37,"column":20}},"loc":{"start":{"line":37,"column":35},"end":{"line":40,"column":null}},"line":37},"3":{"name":"(anonymous_3)","decl":{"start":{"line":43,"column":20},"end":{"line":43,"column":27}},"loc":{"start":{"line":43,"column":42},"end":{"line":46,"column":null}},"line":43}},"branchMap":{"0":{"loc":{"start":{"line":22,"column":25},"end":{"line":22,"column":37}},"type":"default-arg","locations":[{"start":{"line":22,"column":34},"end":{"line":22,"column":37}}],"line":22},"1":{"loc":{"start":{"line":22,"column":37},"end":{"line":22,"column":50}},"type":"default-arg","locations":[{"start":{"line":22,"column":46},"end":{"line":22,"column":50}}],"line":22},"2":{"loc":{"start":{"line":24,"column":4},"end":{"line":24,"column":null}},"type":"if","locations":[{"start":{"line":24,"column":4},"end":{"line":24,"column":null}},{"start":{},"end":{}}],"line":24}},"s":{"0":1,"1":1,"2":1,"3":1,"4":1,"5":1,"6":1,"7":1,"8":1,"9":1,"10":1,"11":1},"f":{"0":1,"1":1,"2":1,"3":1},"b":{"0":[1],"1":[1],"2":[1,0]},"meta":{"lastBranch":3,"lastFunction":4,"lastStatement":12,"seen":{"s:20:28:47:Infinity":0,"f:22:18:22:25":0,"b:22:34:22:37":0,"b:22:46:22:50":1,"s:23:24:23:Infinity":1,"b:24:4:24:Infinity:undefined:undefined:undefined:undefined":2,"s:24:4:24:Infinity":2,"s:24:13:24:Infinity":3,"s:26:21:26:Infinity":4,"s:27:4:27:Infinity":5,"f:31:14:31:21":1,"s:32:21:32:Infinity":6,"s:33:4:33:Infinity":7,"f:37:13:37:20":2,"s:38:21:38:Infinity":8,"s:39:4:39:Infinity":9,"f:43:20:43:27":3,"s:44:21:44:Infinity":10,"s:45:4:45:Infinity":11},"fnNames":{}}}
,"/Users/andresjurado/Documents/Proyecto/FrontEnd/conectamente-frontend/src/services/agendasService.ts": {"path":"/Users/andresjurado/Documents/Proyecto/FrontEnd/conectamente-frontend/src/services/agendasService.ts","statementMap":{"0":{"start":{"line":27,"column":30},"end":{"line":75,"column":null}},"1":{"start":{"line":30,"column":21},"end":{"line":30,"column":null}},"2":{"start":{"line":31,"column":4},"end":{"line":31,"column":null}},"3":{"start":{"line":35,"column":21},"end":{"line":35,"column":null}},"4":{"start":{"line":36,"column":4},"end":{"line":36,"column":null}},"5":{"start":{"line":40,"column":21},"end":{"line":40,"column":null}},"6":{"start":{"line":41,"column":4},"end":{"line":41,"column":null}},"7":{"start":{"line":46,"column":21},"end":{"line":46,"column":null}},"8":{"start":{"line":47,"column":4},"end":{"line":47,"column":null}},"9":{"start":{"line":51,"column":21},"end":{"line":51,"column":null}},"10":{"start":{"line":52,"column":4},"end":{"line":52,"column":null}},"11":{"start":{"line":56,"column":21},"end":{"line":56,"column":null}},"12":{"start":{"line":57,"column":4},"end":{"line":57,"column":null}},"13":{"start":{"line":62,"column":21},"end":{"line":62,"column":null}},"14":{"start":{"line":63,"column":4},"end":{"line":63,"column":null}},"15":{"start":{"line":67,"column":21},"end":{"line":67,"column":null}},"16":{"start":{"line":68,"column":4},"end":{"line":68,"column":null}},"17":{"start":{"line":72,"column":21},"end":{"line":72,"column":null}},"18":{"start":{"line":73,"column":4},"end":{"line":73,"column":null}}},"fnMap":{"0":{"name":"(anonymous_0)","decl":{"start":{"line":29,"column":10},"end":{"line":29,"column":22}},"loc":{"start":{"line":29,"column":22},"end":{"line":32,"column":null}},"line":29},"1":{"name":"(anonymous_1)","decl":{"start":{"line":34,"column":15},"end":{"line":34,"column":22}},"loc":{"start":{"line":34,"column":50},"end":{"line":37,"column":null}},"line":34},"2":{"name":"(anonymous_2)","decl":{"start":{"line":39,"column":15},"end":{"line":39,"column":22}},"loc":{"start":{"line":39,"column":37},"end":{"line":42,"column":null}},"line":39},"3":{"name":"(anonymous_3)","decl":{"start":{"line":45,"column":22},"end":{"line":45,"column":34}},"loc":{"start":{"line":45,"column":34},"end":{"line":48,"column":null}},"line":45},"4":{"name":"(anonymous_4)","decl":{"start":{"line":50,"column":24},"end":{"line":50,"column":31}},"loc":{"start":{"line":50,"column":106},"end":{"line":53,"column":null}},"line":50},"5":{"name":"(anonymous_5)","decl":{"start":{"line":55,"column":24},"end":{"line":55,"column":31}},"loc":{"start":{"line":55,"column":46},"end":{"line":58,"column":null}},"line":55},"6":{"name":"(anonymous_6)","decl":{"start":{"line":61,"column":18},"end":{"line":61,"column":30}},"loc":{"start":{"line":61,"column":30},"end":{"line":64,"column":null}},"line":61},"7":{"name":"(anonymous_7)","decl":{"start":{"line":66,"column":19},"end":{"line":66,"column":26}},"loc":{"start":{"line":66,"column":95},"end":{"line":69,"column":null}},"line":66},"8":{"name":"(anonymous_8)","decl":{"start":{"line":71,"column":19},"end":{"line":71,"column":26}},"loc":{"start":{"line":71,"column":41},"end":{"line":74,"column":null}},"line":71}},"branchMap":{},"s":{"0":1,"1":1,"2":1,"3":1,"4":1,"5":1,"6":1,"7":0,"8":0,"9":1,"10":1,"11":0,"12":0,"13":0,"14":0,"15":1,"16":1,"17":0,"18":0},"f":{"0":1,"1":1,"2":1,"3":0,"4":1,"5":0,"6":0,"7":1,"8":0},"b":{},"meta":{"lastBranch":0,"lastFunction":9,"lastStatement":19,"seen":{"s:27:30:75:Infinity":0,"f:29:10:29:22":0,"s:30:21:30:Infinity":1,"s:31:4:31:Infinity":2,"f:34:15:34:22":1,"s:35:21:35:Infinity":3,"s:36:4:36:Infinity":4,"f:39:15:39:22":2,"s:40:21:40:Infinity":5,"s:41:4:41:Infinity":6,"f:45:22:45:34":3,"s:46:21:46:Infinity":7,"s:47:4:47:Infinity":8,"f:50:24:50:31":4,"s:51:21:51:Infinity":9,"s:52:4:52:Infinity":10,"f:55:24:55:31":5,"s:56:21:56:Infinity":11,"s:57:4:57:Infinity":12,"f:61:18:61:30":6,"s:62:21:62:Infinity":13,"s:63:4:63:Infinity":14,"f:66:19:66:26":7,"s:67:21:67:Infinity":15,"s:68:4:68:Infinity":16,"f:71:19:71:26":8,"s:72:21:72:Infinity":17,"s:73:4:73:Infinity":18},"fnNames":{}}}
,"/Users/andresjurado/Documents/Proyecto/FrontEnd/conectamente-frontend/src/services/chatsService.ts": {"path":"/Users/andresjurado/Documents/Proyecto/FrontEnd/conectamente-frontend/src/services/chatsService.ts","statementMap":{"0":{"start":{"line":21,"column":28},"end":{"line":45,"column":null}},"1":{"start":{"line":24,"column":21},"end":{"line":24,"column":null}},"2":{"start":{"line":25,"column":4},"end":{"line":25,"column":null}},"3":{"start":{"line":30,"column":21},"end":{"line":30,"column":null}},"4":{"start":{"line":31,"column":4},"end":{"line":31,"column":null}},"5":{"start":{"line":36,"column":21},"end":{"line":36,"column":null}},"6":{"start":{"line":37,"column":4},"end":{"line":37,"column":null}},"7":{"start":{"line":42,"column":21},"end":{"line":42,"column":null}},"8":{"start":{"line":43,"column":4},"end":{"line":43,"column":null}}},"fnMap":{"0":{"name":"(anonymous_0)","decl":{"start":{"line":23,"column":17},"end":{"line":23,"column":24}},"loc":{"start":{"line":23,"column":47},"end":{"line":26,"column":null}},"line":23},"1":{"name":"(anonymous_1)","decl":{"start":{"line":29,"column":20},"end":{"line":29,"column":27}},"loc":{"start":{"line":29,"column":49},"end":{"line":32,"column":null}},"line":29},"2":{"name":"(anonymous_2)","decl":{"start":{"line":35,"column":21},"end":{"line":35,"column":28}},"loc":{"start":{"line":35,"column":63},"end":{"line":38,"column":null}},"line":35},"3":{"name":"(anonymous_3)","decl":{"start":{"line":41,"column":19},"end":{"line":41,"column":26}},"loc":{"start":{"line":41,"column":41},"end":{"line":44,"column":null}},"line":41}},"branchMap":{},"s":{"0":1,"1":1,"2":1,"3":1,"4":1,"5":1,"6":1,"7":1,"8":1},"f":{"0":1,"1":1,"2":1,"3":1},"b":{},"meta":{"lastBranch":0,"lastFunction":4,"lastStatement":9,"seen":{"s:21:28:45:Infinity":0,"f:23:17:23:24":0,"s:24:21:24:Infinity":1,"s:25:4:25:Infinity":2,"f:29:20:29:27":1,"s:30:21:30:Infinity":3,"s:31:4:31:Infinity":4,"f:35:21:35:28":2,"s:36:21:36:Infinity":5,"s:37:4:37:Infinity":6,"f:41:19:41:26":3,"s:42:21:42:Infinity":7,"s:43:4:43:Infinity":8},"fnNames":{}}}
,"/Users/andresjurado/Documents/Proyecto/FrontEnd/conectamente-frontend/src/services/citasService.ts": {"path":"/Users/andresjurado/Documents/Proyecto/FrontEnd/conectamente-frontend/src/services/citasService.ts","statementMap":{"0":{"start":{"line":25,"column":28},"end":{"line":62,"column":null}},"1":{"start":{"line":28,"column":21},"end":{"line":28,"column":null}},"2":{"start":{"line":29,"column":4},"end":{"line":29,"column":null}},"3":{"start":{"line":34,"column":21},"end":{"line":38,"column":null}},"4":{"start":{"line":39,"column":4},"end":{"line":39,"column":null}},"5":{"start":{"line":44,"column":21},"end":{"line":47,"column":null}},"6":{"start":{"line":48,"column":4},"end":{"line":48,"column":null}},"7":{"start":{"line":53,"column":21},"end":{"line":53,"column":null}},"8":{"start":{"line":54,"column":4},"end":{"line":54,"column":null}},"9":{"start":{"line":59,"column":21},"end":{"line":59,"column":null}},"10":{"start":{"line":60,"column":4},"end":{"line":60,"column":null}}},"fnMap":{"0":{"name":"(anonymous_0)","decl":{"start":{"line":27,"column":10},"end":{"line":27,"column":22}},"loc":{"start":{"line":27,"column":22},"end":{"line":30,"column":null}},"line":27},"1":{"name":"(anonymous_1)","decl":{"start":{"line":33,"column":10},"end":{"line":33,"column":17}},"loc":{"start":{"line":33,"column":83},"end":{"line":40,"column":null}},"line":33},"2":{"name":"(anonymous_2)","decl":{"start":{"line":43,"column":10},"end":{"line":43,"column":17}},"loc":{"start":{"line":43,"column":76},"end":{"line":49,"column":null}},"line":43},"3":{"name":"(anonymous_3)","decl":{"start":{"line":52,"column":10},"end":{"line":52,"column":17}},"loc":{"start":{"line":52,"column":32},"end":{"line":55,"column":null}},"line":52},"4":{"name":"(anonymous_4)","decl":{"start":{"line":58,"column":20},"end":{"line":58,"column":27}},"loc":{"start":{"line":58,"column":78},"end":{"line":61,"column":null}},"line":58}},"branchMap":{},"s":{"0":1,"1":1,"2":1,"3":1,"4":1,"5":1,"6":1,"7":1,"8":0,"9":1,"10":1},"f":{"0":1,"1":1,"2":1,"3":1,"4":1},"b":{},"meta":{"lastBranch":0,"lastFunction":5,"lastStatement":11,"seen":{"s:25:28:62:Infinity":0,"f:27:10:27:22":0,"s:28:21:28:Infinity":1,"s:29:4:29:Infinity":2,"f:33:10:33:17":1,"s:34:21:38:Infinity":3,"s:39:4:39:Infinity":4,"f:43:10:43:17":2,"s:44:21:47:Infinity":5,"s:48:4:48:Infinity":6,"f:52:10:52:17":3,"s:53:21:53:Infinity":7,"s:54:4:54:Infinity":8,"f:58:20:58:27":4,"s:59:21:59:Infinity":9,"s:60:4:60:Infinity":10},"fnNames":{}}}
,"/Users/andresjurado/Documents/Proyecto/FrontEnd/conectamente-frontend/src/services/encuestasService.ts": {"path":"/Users/andresjurado/Documents/Proyecto/FrontEnd/conectamente-frontend/src/services/encuestasService.ts","statementMap":{"0":{"start":{"line":68,"column":32},"end":{"line":145,"column":null}},"1":{"start":{"line":71,"column":21},"end":{"line":71,"column":null}},"2":{"start":{"line":72,"column":4},"end":{"line":72,"column":null}},"3":{"start":{"line":77,"column":21},"end":{"line":77,"column":null}},"4":{"start":{"line":78,"column":4},"end":{"line":78,"column":null}},"5":{"start":{"line":83,"column":21},"end":{"line":83,"column":null}},"6":{"start":{"line":84,"column":4},"end":{"line":84,"column":null}},"7":{"start":{"line":89,"column":21},"end":{"line":89,"column":null}},"8":{"start":{"line":90,"column":4},"end":{"line":90,"column":null}},"9":{"start":{"line":95,"column":21},"end":{"line":95,"column":null}},"10":{"start":{"line":96,"column":4},"end":{"line":96,"column":null}},"11":{"start":{"line":101,"column":21},"end":{"line":101,"column":null}},"12":{"start":{"line":102,"column":4},"end":{"line":102,"column":null}},"13":{"start":{"line":107,"column":21},"end":{"line":110,"column":null}},"14":{"start":{"line":111,"column":4},"end":{"line":111,"column":null}},"15":{"start":{"line":116,"column":21},"end":{"line":116,"column":null}},"16":{"start":{"line":117,"column":4},"end":{"line":117,"column":null}},"17":{"start":{"line":122,"column":21},"end":{"line":124,"column":null}},"18":{"start":{"line":125,"column":4},"end":{"line":125,"column":null}},"19":{"start":{"line":130,"column":21},"end":{"line":130,"column":null}},"20":{"start":{"line":131,"column":4},"end":{"line":131,"column":null}},"21":{"start":{"line":136,"column":21},"end":{"line":136,"column":null}},"22":{"start":{"line":137,"column":4},"end":{"line":137,"column":null}},"23":{"start":{"line":142,"column":21},"end":{"line":142,"column":null}},"24":{"start":{"line":143,"column":4},"end":{"line":143,"column":null}}},"fnMap":{"0":{"name":"getAll","decl":{"start":{"line":70,"column":8},"end":{"line":70,"column":38}},"loc":{"start":{"line":70,"column":38},"end":{"line":73,"column":null}},"line":70},"1":{"name":"getById","decl":{"start":{"line":76,"column":8},"end":{"line":76,"column":16}},"loc":{"start":{"line":76,"column":47},"end":{"line":79,"column":null}},"line":76},"2":{"name":"create","decl":{"start":{"line":82,"column":8},"end":{"line":82,"column":15}},"loc":{"start":{"line":82,"column":59},"end":{"line":85,"column":null}},"line":82},"3":{"name":"update","decl":{"start":{"line":88,"column":8},"end":{"line":88,"column":15}},"loc":{"start":{"line":88,"column":80},"end":{"line":91,"column":null}},"line":88},"4":{"name":"delete","decl":{"start":{"line":94,"column":8},"end":{"line":94,"column":15}},"loc":{"start":{"line":94,"column":72},"end":{"line":97,"column":null}},"line":94},"5":{"name":"getRespuestas","decl":{"start":{"line":100,"column":8},"end":{"line":100,"column":22}},"loc":{"start":{"line":100,"column":64},"end":{"line":103,"column":null}},"line":100},"6":{"name":"guardarRespuesta","decl":{"start":{"line":106,"column":8},"end":{"line":106,"column":25}},"loc":{"start":{"line":106,"column":117},"end":{"line":112,"column":null}},"line":106},"7":{"name":"getMisRespuestas","decl":{"start":{"line":115,"column":8},"end":{"line":115,"column":49}},"loc":{"start":{"line":115,"column":49},"end":{"line":118,"column":null}},"line":115},"8":{"name":"asignarEncuesta","decl":{"start":{"line":121,"column":8},"end":{"line":121,"column":24}},"loc":{"start":{"line":121,"column":93},"end":{"line":126,"column":null}},"line":121},"9":{"name":"getMisAsignadas","decl":{"start":{"line":129,"column":8},"end":{"line":129,"column":57}},"loc":{"start":{"line":129,"column":57},"end":{"line":132,"column":null}},"line":129},"10":{"name":"getMisEncuestas","decl":{"start":{"line":135,"column":8},"end":{"line":135,"column":57}},"loc":{"start":{"line":135,"column":57},"end":{"line":138,"column":null}},"line":135},"11":{"name":"getMetricasGenerales","decl":{"start":{"line":141,"column":8},"end":{"line":141,"column":45}},"loc":{"start":{"line":141,"column":45},"end":{"line":144,"column":null}},"line":141}},"branchMap":{},"s":{"0":1,"1":1,"2":1,"3":1,"4":1,"5":1,"6":1,"7":1,"8":1,"9":1,"10":1,"11":0,"12":0,"13":1,"14":1,"15":0,"16":0,"17":1,"18":1,"19":0,"20":0,"21":0,"22":0,"23":0,"24":0},"f":{"0":1,"1":1,"2":1,"3":1,"4":1,"5":0,"6":1,"7":0,"8":1,"9":0,"10":0,"11":0},"b":{},"meta":{"lastBranch":0,"lastFunction":12,"lastStatement":25,"seen":{"s:68:32:145:Infinity":0,"f:70:8:70:38":0,"s:71:21:71:Infinity":1,"s:72:4:72:Infinity":2,"f:76:8:76:16":1,"s:77:21:77:Infinity":3,"s:78:4:78:Infinity":4,"f:82:8:82:15":2,"s:83:21:83:Infinity":5,"s:84:4:84:Infinity":6,"f:88:8:88:15":3,"s:89:21:89:Infinity":7,"s:90:4:90:Infinity":8,"f:94:8:94:15":4,"s:95:21:95:Infinity":9,"s:96:4:96:Infinity":10,"f:100:8:100:22":5,"s:101:21:101:Infinity":11,"s:102:4:102:Infinity":12,"f:106:8:106:25":6,"s:107:21:110:Infinity":13,"s:111:4:111:Infinity":14,"f:115:8:115:49":7,"s:116:21:116:Infinity":15,"s:117:4:117:Infinity":16,"f:121:8:121:24":8,"s:122:21:124:Infinity":17,"s:125:4:125:Infinity":18,"f:129:8:129:57":9,"s:130:21:130:Infinity":19,"s:131:4:131:Infinity":20,"f:135:8:135:57":10,"s:136:21:136:Infinity":21,"s:137:4:137:Infinity":22,"f:141:8:141:45":11,"s:142:21:142:Infinity":23,"s:143:4:143:Infinity":24},"fnNames":{}}}
,"/Users/andresjurado/Documents/Proyecto/FrontEnd/conectamente-frontend/src/services/especialidadesService.ts": {"path":"/Users/andresjurado/Documents/Proyecto/FrontEnd/conectamente-frontend/src/services/especialidadesService.ts","statementMap":{"0":{"start":{"line":8,"column":37},"end":{"line":14,"column":null}},"1":{"start":{"line":11,"column":21},"end":{"line":11,"column":null}},"2":{"start":{"line":12,"column":4},"end":{"line":12,"column":null}}},"fnMap":{"0":{"name":"(anonymous_0)","decl":{"start":{"line":9,"column":10},"end":{"line":9,"column":22}},"loc":{"start":{"line":9,"column":22},"end":{"line":13,"column":null}},"line":9}},"branchMap":{},"s":{"0":1,"1":0,"2":0},"f":{"0":0},"b":{},"meta":{"lastBranch":0,"lastFunction":1,"lastStatement":3,"seen":{"s:8:37:14:Infinity":0,"f:9:10:9:22":0,"s:11:21:11:Infinity":1,"s:12:4:12:Infinity":2},"fnNames":{}}}
,"/Users/andresjurado/Documents/Proyecto/FrontEnd/conectamente-frontend/src/services/historialService.ts": {"path":"/Users/andresjurado/Documents/Proyecto/FrontEnd/conectamente-frontend/src/services/historialService.ts","statementMap":{"0":{"start":{"line":11,"column":32},"end":{"line":42,"column":null}},"1":{"start":{"line":15,"column":21},"end":{"line":15,"column":null}},"2":{"start":{"line":16,"column":4},"end":{"line":16,"column":null}},"3":{"start":{"line":21,"column":21},"end":{"line":21,"column":null}},"4":{"start":{"line":22,"column":4},"end":{"line":28,"column":null}},"5":{"start":{"line":22,"column":28},"end":{"line":22,"column":56}},"6":{"start":{"line":22,"column":68},"end":{"line":28,"column":6}},"7":{"start":{"line":33,"column":21},"end":{"line":39,"column":null}},"8":{"start":{"line":40,"column":4},"end":{"line":40,"column":null}}},"fnMap":{"0":{"name":"(anonymous_0)","decl":{"start":{"line":14,"column":10},"end":{"line":14,"column":22}},"loc":{"start":{"line":14,"column":22},"end":{"line":17,"column":null}},"line":14},"1":{"name":"(anonymous_1)","decl":{"start":{"line":20,"column":26},"end":{"line":20,"column":33}},"loc":{"start":{"line":20,"column":55},"end":{"line":29,"column":null}},"line":20},"2":{"name":"(anonymous_2)","decl":{"start":{"line":22,"column":16},"end":{"line":22,"column":23}},"loc":{"start":{"line":22,"column":28},"end":{"line":22,"column":56}},"line":22},"3":{"name":"(anonymous_3)","decl":{"start":{"line":22,"column":58},"end":{"line":22,"column":62}},"loc":{"start":{"line":22,"column":68},"end":{"line":28,"column":6}},"line":22},"4":{"name":"(anonymous_4)","decl":{"start":{"line":32,"column":10},"end":{"line":32,"column":17}},"loc":{"start":{"line":32,"column":123},"end":{"line":41,"column":null}},"line":32}},"branchMap":{"0":{"loc":{"start":{"line":35,"column":19},"end":{"line":35,"column":null}},"type":"cond-expr","locations":[{"start":{"line":35,"column":39},"end":{"line":35,"column":83}},{"start":{"line":35,"column":83},"end":{"line":35,"column":null}}],"line":35}},"s":{"0":1,"1":1,"2":1,"3":1,"4":1,"5":2,"6":1,"7":1,"8":1},"f":{"0":1,"1":1,"2":2,"3":1,"4":1},"b":{"0":[0,1]},"meta":{"lastBranch":1,"lastFunction":5,"lastStatement":9,"seen":{"s:11:32:42:Infinity":0,"f:14:10:14:22":0,"s:15:21:15:Infinity":1,"s:16:4:16:Infinity":2,"f:20:26:20:33":1,"s:21:21:21:Infinity":3,"s:22:4:28:Infinity":4,"f:22:16:22:23":2,"s:22:28:22:56":5,"f:22:58:22:62":3,"s:22:68:28:6":6,"f:32:10:32:17":4,"s:33:21:39:Infinity":7,"b:35:39:35:83:35:83:35:Infinity":0,"s:40:4:40:Infinity":8},"fnNames":{}}}
,"/Users/andresjurado/Documents/Proyecto/FrontEnd/conectamente-frontend/src/services/notificacionesService.ts": {"path":"/Users/andresjurado/Documents/Proyecto/FrontEnd/conectamente-frontend/src/services/notificacionesService.ts","statementMap":{"0":{"start":{"line":22,"column":37},"end":{"line":64,"column":null}},"1":{"start":{"line":25,"column":21},"end":{"line":25,"column":null}},"2":{"start":{"line":26,"column":4},"end":{"line":26,"column":null}},"3":{"start":{"line":31,"column":21},"end":{"line":31,"column":null}},"4":{"start":{"line":32,"column":4},"end":{"line":32,"column":null}},"5":{"start":{"line":37,"column":21},"end":{"line":37,"column":null}},"6":{"start":{"line":38,"column":4},"end":{"line":38,"column":null}},"7":{"start":{"line":43,"column":21},"end":{"line":43,"column":null}},"8":{"start":{"line":44,"column":4},"end":{"line":44,"column":null}},"9":{"start":{"line":49,"column":21},"end":{"line":49,"column":null}},"10":{"start":{"line":50,"column":4},"end":{"line":50,"column":null}},"11":{"start":{"line":55,"column":21},"end":{"line":55,"column":null}},"12":{"start":{"line":56,"column":4},"end":{"line":56,"column":null}},"13":{"start":{"line":61,"column":21},"end":{"line":61,"column":null}},"14":{"start":{"line":62,"column":4},"end":{"line":62,"column":null}}},"fnMap":{"0":{"name":"(anonymous_0)","decl":{"start":{"line":24,"column":10},"end":{"line":24,"column":17}},"loc":{"start":{"line":24,"column":48},"end":{"line":27,"column":null}},"line":24},"1":{"name":"(anonymous_1)","decl":{"start":{"line":30,"column":17},"end":{"line":30,"column":24}},"loc":{"start":{"line":30,"column":46},"end":{"line":33,"column":null}},"line":30},"2":{"name":"(anonymous_2)","decl":{"start":{"line":36,"column":11},"end":{"line":36,"column":18}},"loc":{"start":{"line":36,"column":33},"end":{"line":39,"column":null}},"line":36},"3":{"name":"(anonymous_3)","decl":{"start":{"line":42,"column":11},"end":{"line":42,"column":23}},"loc":{"start":{"line":42,"column":23},"end":{"line":45,"column":null}},"line":42},"4":{"name":"(anonymous_4)","decl":{"start":{"line":48,"column":19},"end":{"line":48,"column":26}},"loc":{"start":{"line":48,"column":41},"end":{"line":51,"column":null}},"line":48},"5":{"name":"(anonymous_5)","decl":{"start":{"line":54,"column":10},"end":{"line":54,"column":17}},"loc":{"start":{"line":54,"column":42},"end":{"line":57,"column":null}},"line":54},"6":{"name":"(anonymous_6)","decl":{"start":{"line":60,"column":10},"end":{"line":60,"column":17}},"loc":{"start":{"line":60,"column":32},"end":{"line":63,"column":null}},"line":60}},"branchMap":{},"s":{"0":1,"1":1,"2":1,"3":1,"4":1,"5":0,"6":0,"7":0,"8":0,"9":1,"10":1,"11":0,"12":0,"13":1,"14":1},"f":{"0":1,"1":1,"2":0,"3":0,"4":1,"5":0,"6":1},"b":{},"meta":{"lastBranch":0,"lastFunction":7,"lastStatement":15,"seen":{"s:22:37:64:Infinity":0,"f:24:10:24:17":0,"s:25:21:25:Infinity":1,"s:26:4:26:Infinity":2,"f:30:17:30:24":1,"s:31:21:31:Infinity":3,"s:32:4:32:Infinity":4,"f:36:11:36:18":2,"s:37:21:37:Infinity":5,"s:38:4:38:Infinity":6,"f:42:11:42:23":3,"s:43:21:43:Infinity":7,"s:44:4:44:Infinity":8,"f:48:19:48:26":4,"s:49:21:49:Infinity":9,"s:50:4:50:Infinity":10,"f:54:10:54:17":5,"s:55:21:55:Infinity":11,"s:56:4:56:Infinity":12,"f:60:10:60:17":6,"s:61:21:61:Infinity":13,"s:62:4:62:Infinity":14},"fnNames":{}}}
,"/Users/andresjurado/Documents/Proyecto/FrontEnd/conectamente-frontend/src/services/pacientesService.ts": {"path":"/Users/andresjurado/Documents/Proyecto/FrontEnd/conectamente-frontend/src/services/pacientesService.ts","statementMap":{"0":{"start":{"line":4,"column":32},"end":{"line":45,"column":null}},"1":{"start":{"line":7,"column":21},"end":{"line":7,"column":null}},"2":{"start":{"line":8,"column":4},"end":{"line":8,"column":null}},"3":{"start":{"line":13,"column":21},"end":{"line":13,"column":null}},"4":{"start":{"line":14,"column":4},"end":{"line":14,"column":null}},"5":{"start":{"line":19,"column":21},"end":{"line":19,"column":null}},"6":{"start":{"line":20,"column":4},"end":{"line":20,"column":null}},"7":{"start":{"line":24,"column":21},"end":{"line":24,"column":null}},"8":{"start":{"line":25,"column":4},"end":{"line":25,"column":null}},"9":{"start":{"line":30,"column":21},"end":{"line":30,"column":null}},"10":{"start":{"line":31,"column":4},"end":{"line":31,"column":null}},"11":{"start":{"line":36,"column":21},"end":{"line":36,"column":null}},"12":{"start":{"line":37,"column":4},"end":{"line":37,"column":null}},"13":{"start":{"line":42,"column":21},"end":{"line":42,"column":null}},"14":{"start":{"line":43,"column":4},"end":{"line":43,"column":null}}},"fnMap":{"0":{"name":"(anonymous_0)","decl":{"start":{"line":6,"column":10},"end":{"line":6,"column":22}},"loc":{"start":{"line":6,"column":22},"end":{"line":9,"column":null}},"line":6},"1":{"name":"(anonymous_1)","decl":{"start":{"line":12,"column":21},"end":{"line":12,"column":33}},"loc":{"start":{"line":12,"column":33},"end":{"line":15,"column":null}},"line":12},"2":{"name":"(anonymous_2)","decl":{"start":{"line":18,"column":11},"end":{"line":18,"column":18}},"loc":{"start":{"line":18,"column":33},"end":{"line":21,"column":null}},"line":18},"3":{"name":"(anonymous_3)","decl":{"start":{"line":23,"column":9},"end":{"line":23,"column":21}},"loc":{"start":{"line":23,"column":21},"end":{"line":26,"column":null}},"line":23},"4":{"name":"(anonymous_4)","decl":{"start":{"line":29,"column":10},"end":{"line":29,"column":17}},"loc":{"start":{"line":29,"column":52},"end":{"line":32,"column":null}},"line":29},"5":{"name":"(anonymous_5)","decl":{"start":{"line":35,"column":10},"end":{"line":35,"column":17}},"loc":{"start":{"line":35,"column":73},"end":{"line":38,"column":null}},"line":35},"6":{"name":"(anonymous_6)","decl":{"start":{"line":41,"column":10},"end":{"line":41,"column":17}},"loc":{"start":{"line":41,"column":32},"end":{"line":44,"column":null}},"line":41}},"branchMap":{},"s":{"0":1,"1":1,"2":1,"3":1,"4":1,"5":0,"6":0,"7":1,"8":1,"9":0,"10":0,"11":0,"12":0,"13":1,"14":1},"f":{"0":1,"1":1,"2":0,"3":1,"4":0,"5":0,"6":1},"b":{},"meta":{"lastBranch":0,"lastFunction":7,"lastStatement":15,"seen":{"s:4:32:45:Infinity":0,"f:6:10:6:22":0,"s:7:21:7:Infinity":1,"s:8:4:8:Infinity":2,"f:12:21:12:33":1,"s:13:21:13:Infinity":3,"s:14:4:14:Infinity":4,"f:18:11:18:18":2,"s:19:21:19:Infinity":5,"s:20:4:20:Infinity":6,"f:23:9:23:21":3,"s:24:21:24:Infinity":7,"s:25:4:25:Infinity":8,"f:29:10:29:17":4,"s:30:21:30:Infinity":9,"s:31:4:31:Infinity":10,"f:35:10:35:17":5,"s:36:21:36:Infinity":11,"s:37:4:37:Infinity":12,"f:41:10:41:17":6,"s:42:21:42:Infinity":13,"s:43:4:43:Infinity":14},"fnNames":{}}}
,"/Users/andresjurado/Documents/Proyecto/FrontEnd/conectamente-frontend/src/services/perfilService.ts": {"path":"/Users/andresjurado/Documents/Proyecto/FrontEnd/conectamente-frontend/src/services/perfilService.ts","statementMap":{"0":{"start":{"line":19,"column":29},"end":{"line":31,"column":null}},"1":{"start":{"line":22,"column":21},"end":{"line":22,"column":null}},"2":{"start":{"line":23,"column":4},"end":{"line":23,"column":null}},"3":{"start":{"line":28,"column":21},"end":{"line":28,"column":null}},"4":{"start":{"line":29,"column":4},"end":{"line":29,"column":null}}},"fnMap":{"0":{"name":"(anonymous_0)","decl":{"start":{"line":21,"column":9},"end":{"line":21,"column":21}},"loc":{"start":{"line":21,"column":21},"end":{"line":24,"column":null}},"line":21},"1":{"name":"(anonymous_1)","decl":{"start":{"line":27,"column":10},"end":{"line":27,"column":17}},"loc":{"start":{"line":27,"column":50},"end":{"line":30,"column":null}},"line":27}},"branchMap":{},"s":{"0":1,"1":1,"2":1,"3":1,"4":1},"f":{"0":1,"1":1},"b":{},"meta":{"lastBranch":0,"lastFunction":2,"lastStatement":5,"seen":{"s:19:29:31:Infinity":0,"f:21:9:21:21":0,"s:22:21:22:Infinity":1,"s:23:4:23:Infinity":2,"f:27:10:27:17":1,"s:28:21:28:Infinity":3,"s:29:4:29:Infinity":4},"fnNames":{}}}
,"/Users/andresjurado/Documents/Proyecto/FrontEnd/conectamente-frontend/src/services/progresoService.ts": {"path":"/Users/andresjurado/Documents/Proyecto/FrontEnd/conectamente-frontend/src/services/progresoService.ts","statementMap":{"0":{"start":{"line":34,"column":31},"end":{"line":67,"column":null}},"1":{"start":{"line":37,"column":21},"end":{"line":37,"column":null}},"2":{"start":{"line":38,"column":4},"end":{"line":38,"column":null}},"3":{"start":{"line":43,"column":21},"end":{"line":43,"column":null}},"4":{"start":{"line":44,"column":4},"end":{"line":44,"column":null}},"5":{"start":{"line":49,"column":21},"end":{"line":49,"column":null}},"6":{"start":{"line":50,"column":4},"end":{"line":50,"column":null}},"7":{"start":{"line":54,"column":21},"end":{"line":54,"column":null}},"8":{"start":{"line":55,"column":4},"end":{"line":55,"column":null}},"9":{"start":{"line":59,"column":21},"end":{"line":59,"column":null}},"10":{"start":{"line":60,"column":4},"end":{"line":60,"column":null}},"11":{"start":{"line":64,"column":21},"end":{"line":64,"column":null}},"12":{"start":{"line":65,"column":4},"end":{"line":65,"column":null}}},"fnMap":{"0":{"name":"(anonymous_0)","decl":{"start":{"line":36,"column":10},"end":{"line":36,"column":22}},"loc":{"start":{"line":36,"column":22},"end":{"line":39,"column":null}},"line":36},"1":{"name":"(anonymous_1)","decl":{"start":{"line":42,"column":17},"end":{"line":42,"column":24}},"loc":{"start":{"line":42,"column":47},"end":{"line":45,"column":null}},"line":42},"2":{"name":"(anonymous_2)","decl":{"start":{"line":48,"column":15},"end":{"line":48,"column":27}},"loc":{"start":{"line":48,"column":27},"end":{"line":51,"column":null}},"line":48},"3":{"name":"(anonymous_3)","decl":{"start":{"line":53,"column":10},"end":{"line":53,"column":17}},"loc":{"start":{"line":53,"column":48},"end":{"line":56,"column":null}},"line":53},"4":{"name":"(anonymous_4)","decl":{"start":{"line":58,"column":10},"end":{"line":58,"column":17}},"loc":{"start":{"line":58,"column":69},"end":{"line":61,"column":null}},"line":58},"5":{"name":"(anonymous_5)","decl":{"start":{"line":63,"column":10},"end":{"line":63,"column":17}},"loc":{"start":{"line":63,"column":32},"end":{"line":66,"column":null}},"line":63}},"branchMap":{},"s":{"0":1,"1":0,"2":0,"3":1,"4":1,"5":0,"6":0,"7":1,"8":1,"9":0,"10":0,"11":1,"12":1},"f":{"0":0,"1":1,"2":0,"3":1,"4":0,"5":1},"b":{},"meta":{"lastBranch":0,"lastFunction":6,"lastStatement":13,"seen":{"s:34:31:67:Infinity":0,"f:36:10:36:22":0,"s:37:21:37:Infinity":1,"s:38:4:38:Infinity":2,"f:42:17:42:24":1,"s:43:21:43:Infinity":3,"s:44:4:44:Infinity":4,"f:48:15:48:27":2,"s:49:21:49:Infinity":5,"s:50:4:50:Infinity":6,"f:53:10:53:17":3,"s:54:21:54:Infinity":7,"s:55:4:55:Infinity":8,"f:58:10:58:17":4,"s:59:21:59:Infinity":9,"s:60:4:60:Infinity":10,"f:63:10:63:17":5,"s:64:21:64:Infinity":11,"s:65:4:65:Infinity":12},"fnNames":{}}}
,"/Users/andresjurado/Documents/Proyecto/FrontEnd/conectamente-frontend/src/services/psicologosService.ts": {"path":"/Users/andresjurado/Documents/Proyecto/FrontEnd/conectamente-frontend/src/services/psicologosService.ts","statementMap":{"0":{"start":{"line":19,"column":33},"end":{"line":79,"column":null}},"1":{"start":{"line":22,"column":21},"end":{"line":22,"column":null}},"2":{"start":{"line":24,"column":4},"end":{"line":36,"column":null}},"3":{"start":{"line":24,"column":28},"end":{"line":36,"column":6}},"4":{"start":{"line":41,"column":21},"end":{"line":41,"column":null}},"5":{"start":{"line":42,"column":4},"end":{"line":42,"column":null}},"6":{"start":{"line":47,"column":20},"end":{"line":56,"column":null}},"7":{"start":{"line":58,"column":21},"end":{"line":58,"column":null}},"8":{"start":{"line":59,"column":4},"end":{"line":59,"column":null}},"9":{"start":{"line":64,"column":20},"end":{"line":68,"column":null}},"10":{"start":{"line":70,"column":21},"end":{"line":70,"column":null}},"11":{"start":{"line":71,"column":4},"end":{"line":71,"column":null}},"12":{"start":{"line":76,"column":21},"end":{"line":76,"column":null}},"13":{"start":{"line":77,"column":4},"end":{"line":77,"column":null}}},"fnMap":{"0":{"name":"(anonymous_0)","decl":{"start":{"line":21,"column":10},"end":{"line":21,"column":22}},"loc":{"start":{"line":21,"column":22},"end":{"line":37,"column":null}},"line":21},"1":{"name":"(anonymous_1)","decl":{"start":{"line":24,"column":16},"end":{"line":24,"column":21}},"loc":{"start":{"line":24,"column":28},"end":{"line":36,"column":6}},"line":24},"2":{"name":"(anonymous_2)","decl":{"start":{"line":40,"column":11},"end":{"line":40,"column":18}},"loc":{"start":{"line":40,"column":33},"end":{"line":43,"column":null}},"line":40},"3":{"name":"(anonymous_3)","decl":{"start":{"line":46,"column":10},"end":{"line":46,"column":17}},"loc":{"start":{"line":46,"column":57},"end":{"line":60,"column":null}},"line":46},"4":{"name":"(anonymous_4)","decl":{"start":{"line":63,"column":10},"end":{"line":63,"column":17}},"loc":{"start":{"line":63,"column":130},"end":{"line":72,"column":null}},"line":63},"5":{"name":"(anonymous_5)","decl":{"start":{"line":75,"column":10},"end":{"line":75,"column":17}},"loc":{"start":{"line":75,"column":39},"end":{"line":78,"column":null}},"line":75}},"branchMap":{"0":{"loc":{"start":{"line":26,"column":20},"end":{"line":26,"column":null}},"type":"binary-expr","locations":[{"start":{"line":26,"column":20},"end":{"line":26,"column":38}},{"start":{"line":26,"column":38},"end":{"line":26,"column":null}}],"line":26},"1":{"loc":{"start":{"line":27,"column":27},"end":{"line":27,"column":null}},"type":"binary-expr","locations":[{"start":{"line":27,"column":27},"end":{"line":27,"column":47}},{"start":{"line":27,"column":47},"end":{"line":27,"column":null}}],"line":27},"2":{"loc":{"start":{"line":28,"column":16},"end":{"line":28,"column":null}},"type":"binary-expr","locations":[{"start":{"line":28,"column":16},"end":{"line":28,"column":30}},{"start":{"line":28,"column":30},"end":{"line":28,"column":null}}],"line":28},"3":{"loc":{"start":{"line":31,"column":16},"end":{"line":31,"column":null}},"type":"binary-expr","locations":[{"start":{"line":31,"column":16},"end":{"line":31,"column":37}},{"start":{"line":31,"column":37},"end":{"line":31,"column":null}}],"line":31},"4":{"loc":{"start":{"line":32,"column":18},"end":{"line":32,"column":null}},"type":"binary-expr","locations":[{"start":{"line":32,"column":18},"end":{"line":32,"column":41}},{"start":{"line":32,"column":41},"end":{"line":32,"column":null}}],"line":32},"5":{"loc":{"start":{"line":33,"column":15},"end":{"line":33,"column":null}},"type":"binary-expr","locations":[{"start":{"line":33,"column":15},"end":{"line":33,"column":35}},{"start":{"line":33,"column":35},"end":{"line":33,"column":null}}],"line":33},"6":{"loc":{"start":{"line":34,"column":13},"end":{"line":34,"column":null}},"type":"binary-expr","locations":[{"start":{"line":34,"column":13},"end":{"line":34,"column":31}},{"start":{"line":34,"column":31},"end":{"line":34,"column":null}}],"line":34},"7":{"loc":{"start":{"line":51,"column":16},"end":{"line":51,"column":null}},"type":"binary-expr","locations":[{"start":{"line":51,"column":16},"end":{"line":51,"column":42}},{"start":{"line":51,"column":42},"end":{"line":51,"column":null}}],"line":51}},"s":{"0":1,"1":3,"2":2,"3":2,"4":0,"5":0,"6":1,"7":1,"8":1,"9":1,"10":1,"11":1,"12":1,"13":1},"f":{"0":3,"1":2,"2":0,"3":1,"4":1,"5":1},"b":{"0":[2,1],"1":[2,1],"2":[2,1],"3":[2,1],"4":[2,1],"5":[2,1],"6":[2,1],"7":[1,1]},"meta":{"lastBranch":8,"lastFunction":6,"lastStatement":14,"seen":{"s:19:33:79:Infinity":0,"f:21:10:21:22":0,"s:22:21:22:Infinity":1,"s:24:4:36:Infinity":2,"f:24:16:24:21":1,"s:24:28:36:6":3,"b:26:20:26:38:26:38:26:Infinity":0,"b:27:27:27:47:27:47:27:Infinity":1,"b:28:16:28:30:28:30:28:Infinity":2,"b:31:16:31:37:31:37:31:Infinity":3,"b:32:18:32:41:32:41:32:Infinity":4,"b:33:15:33:35:33:35:33:Infinity":5,"b:34:13:34:31:34:31:34:Infinity":6,"f:40:11:40:18":2,"s:41:21:41:Infinity":4,"s:42:4:42:Infinity":5,"f:46:10:46:17":3,"s:47:20:56:Infinity":6,"b:51:16:51:42:51:42:51:Infinity":7,"s:58:21:58:Infinity":7,"s:59:4:59:Infinity":8,"f:63:10:63:17":4,"s:64:20:68:Infinity":9,"s:70:21:70:Infinity":10,"s:71:4:71:Infinity":11,"f:75:10:75:17":5,"s:76:21:76:Infinity":12,"s:77:4:77:Infinity":13},"fnNames":{}}}
,"/Users/andresjurado/Documents/Proyecto/FrontEnd/conectamente-frontend/src/services/recomendacionesService.ts": {"path":"/Users/andresjurado/Documents/Proyecto/FrontEnd/conectamente-frontend/src/services/recomendacionesService.ts","statementMap":{"0":{"start":{"line":45,"column":38},"end":{"line":81,"column":null}},"1":{"start":{"line":48,"column":21},"end":{"line":48,"column":null}},"2":{"start":{"line":49,"column":4},"end":{"line":49,"column":null}},"3":{"start":{"line":54,"column":21},"end":{"line":54,"column":null}},"4":{"start":{"line":55,"column":4},"end":{"line":55,"column":null}},"5":{"start":{"line":60,"column":21},"end":{"line":60,"column":null}},"6":{"start":{"line":61,"column":4},"end":{"line":61,"column":null}},"7":{"start":{"line":66,"column":35},"end":{"line":66,"column":null}},"8":{"start":{"line":67,"column":4},"end":{"line":67,"column":null}},"9":{"start":{"line":72,"column":35},"end":{"line":72,"column":null}},"10":{"start":{"line":73,"column":4},"end":{"line":73,"column":null}},"11":{"start":{"line":78,"column":35},"end":{"line":78,"column":null}},"12":{"start":{"line":79,"column":4},"end":{"line":79,"column":null}}},"fnMap":{"0":{"name":"getAll","decl":{"start":{"line":47,"column":8},"end":{"line":47,"column":43}},"loc":{"start":{"line":47,"column":43},"end":{"line":50,"column":null}},"line":47},"1":{"name":"getById","decl":{"start":{"line":53,"column":8},"end":{"line":53,"column":16}},"loc":{"start":{"line":53,"column":52},"end":{"line":56,"column":null}},"line":53},"2":{"name":"getByPaciente","decl":{"start":{"line":59,"column":8},"end":{"line":59,"column":22}},"loc":{"start":{"line":59,"column":68},"end":{"line":62,"column":null}},"line":59},"3":{"name":"create","decl":{"start":{"line":65,"column":8},"end":{"line":65,"column":15}},"loc":{"start":{"line":65,"column":69},"end":{"line":68,"column":null}},"line":65},"4":{"name":"update","decl":{"start":{"line":71,"column":8},"end":{"line":71,"column":15}},"loc":{"start":{"line":71,"column":81},"end":{"line":74,"column":null}},"line":71},"5":{"name":"delete","decl":{"start":{"line":77,"column":8},"end":{"line":77,"column":15}},"loc":{"start":{"line":77,"column":70},"end":{"line":80,"column":null}},"line":77}},"branchMap":{},"s":{"0":1,"1":1,"2":1,"3":1,"4":1,"5":1,"6":1,"7":1,"8":1,"9":1,"10":1,"11":1,"12":1},"f":{"0":1,"1":1,"2":1,"3":1,"4":1,"5":1},"b":{},"meta":{"lastBranch":0,"lastFunction":6,"lastStatement":13,"seen":{"s:45:38:81:Infinity":0,"f:47:8:47:43":0,"s:48:21:48:Infinity":1,"s:49:4:49:Infinity":2,"f:53:8:53:16":1,"s:54:21:54:Infinity":3,"s:55:4:55:Infinity":4,"f:59:8:59:22":2,"s:60:21:60:Infinity":5,"s:61:4:61:Infinity":6,"f:65:8:65:15":3,"s:66:35:66:Infinity":7,"s:67:4:67:Infinity":8,"f:71:8:71:15":4,"s:72:35:72:Infinity":9,"s:73:4:73:Infinity":10,"f:77:8:77:15":5,"s:78:35:78:Infinity":11,"s:79:4:79:Infinity":12},"fnNames":{}}}
,"/Users/andresjurado/Documents/Proyecto/FrontEnd/conectamente-frontend/src/services/solicitudesPsicologosService.ts": {"path":"/Users/andresjurado/Documents/Proyecto/FrontEnd/conectamente-frontend/src/services/solicitudesPsicologosService.ts","statementMap":{"0":{"start":{"line":30,"column":44},"end":{"line":54,"column":null}},"1":{"start":{"line":33,"column":21},"end":{"line":33,"column":null}},"2":{"start":{"line":34,"column":4},"end":{"line":34,"column":null}},"3":{"start":{"line":39,"column":21},"end":{"line":39,"column":null}},"4":{"start":{"line":40,"column":4},"end":{"line":40,"column":null}},"5":{"start":{"line":45,"column":21},"end":{"line":45,"column":null}},"6":{"start":{"line":46,"column":4},"end":{"line":46,"column":null}},"7":{"start":{"line":51,"column":21},"end":{"line":51,"column":null}},"8":{"start":{"line":52,"column":4},"end":{"line":52,"column":null}}},"fnMap":{"0":{"name":"(anonymous_0)","decl":{"start":{"line":32,"column":19},"end":{"line":32,"column":26}},"loc":{"start":{"line":32,"column":66},"end":{"line":35,"column":null}},"line":32},"1":{"name":"(anonymous_1)","decl":{"start":{"line":38,"column":18},"end":{"line":38,"column":30}},"loc":{"start":{"line":38,"column":30},"end":{"line":41,"column":null}},"line":38},"2":{"name":"(anonymous_2)","decl":{"start":{"line":44,"column":20},"end":{"line":44,"column":27}},"loc":{"start":{"line":44,"column":75},"end":{"line":47,"column":null}},"line":44},"3":{"name":"(anonymous_3)","decl":{"start":{"line":50,"column":21},"end":{"line":50,"column":28}},"loc":{"start":{"line":50,"column":76},"end":{"line":53,"column":null}},"line":50}},"branchMap":{},"s":{"0":1,"1":1,"2":1,"3":1,"4":1,"5":1,"6":1,"7":1,"8":1},"f":{"0":1,"1":1,"2":1,"3":1},"b":{},"meta":{"lastBranch":0,"lastFunction":4,"lastStatement":9,"seen":{"s:30:44:54:Infinity":0,"f:32:19:32:26":0,"s:33:21:33:Infinity":1,"s:34:4:34:Infinity":2,"f:38:18:38:30":1,"s:39:21:39:Infinity":3,"s:40:4:40:Infinity":4,"f:44:20:44:27":2,"s:45:21:45:Infinity":5,"s:46:4:46:Infinity":6,"f:50:21:50:28":3,"s:51:21:51:Infinity":7,"s:52:4:52:Infinity":8},"fnNames":{}}}
,"/Users/andresjurado/Documents/Proyecto/FrontEnd/conectamente-frontend/src/services/solicitudesService.ts": {"path":"/Users/andresjurado/Documents/Proyecto/FrontEnd/conectamente-frontend/src/services/solicitudesService.ts","statementMap":{"0":{"start":{"line":16,"column":34},"end":{"line":34,"column":null}},"1":{"start":{"line":19,"column":21},"end":{"line":19,"column":null}},"2":{"start":{"line":20,"column":4},"end":{"line":20,"column":null}},"3":{"start":{"line":25,"column":21},"end":{"line":25,"column":null}},"4":{"start":{"line":26,"column":4},"end":{"line":26,"column":null}},"5":{"start":{"line":31,"column":21},"end":{"line":31,"column":null}},"6":{"start":{"line":32,"column":4},"end":{"line":32,"column":null}}},"fnMap":{"0":{"name":"(anonymous_0)","decl":{"start":{"line":18,"column":10},"end":{"line":18,"column":17}},"loc":{"start":{"line":18,"column":66},"end":{"line":21,"column":null}},"line":18},"1":{"name":"(anonymous_1)","decl":{"start":{"line":24,"column":14},"end":{"line":24,"column":26}},"loc":{"start":{"line":24,"column":26},"end":{"line":27,"column":null}},"line":24},"2":{"name":"(anonymous_2)","decl":{"start":{"line":30,"column":12},"end":{"line":30,"column":19}},"loc":{"start":{"line":30,"column":77},"end":{"line":33,"column":null}},"line":30}},"branchMap":{},"s":{"0":1,"1":1,"2":1,"3":1,"4":1,"5":1,"6":1},"f":{"0":1,"1":1,"2":1},"b":{},"meta":{"lastBranch":0,"lastFunction":3,"lastStatement":7,"seen":{"s:16:34:34:Infinity":0,"f:18:10:18:17":0,"s:19:21:19:Infinity":1,"s:20:4:20:Infinity":2,"f:24:14:24:26":1,"s:25:21:25:Infinity":3,"s:26:4:26:Infinity":4,"f:30:12:30:19":2,"s:31:21:31:Infinity":5,"s:32:4:32:Infinity":6},"fnNames":{}}}
,"/Users/andresjurado/Documents/Proyecto/FrontEnd/conectamente-frontend/src/services/testsPsicometricosService.ts": {"path":"/Users/andresjurado/Documents/Proyecto/FrontEnd/conectamente-frontend/src/services/testsPsicometricosService.ts","statementMap":{"0":{"start":{"line":39,"column":41},"end":{"line":99,"column":null}},"1":{"start":{"line":42,"column":21},"end":{"line":42,"column":null}},"2":{"start":{"line":43,"column":4},"end":{"line":43,"column":null}},"3":{"start":{"line":48,"column":21},"end":{"line":48,"column":null}},"4":{"start":{"line":49,"column":4},"end":{"line":49,"column":null}},"5":{"start":{"line":54,"column":21},"end":{"line":57,"column":null}},"6":{"start":{"line":58,"column":4},"end":{"line":58,"column":null}},"7":{"start":{"line":63,"column":21},"end":{"line":63,"column":null}},"8":{"start":{"line":64,"column":4},"end":{"line":64,"column":null}},"9":{"start":{"line":69,"column":21},"end":{"line":75,"column":null}},"10":{"start":{"line":76,"column":4},"end":{"line":76,"column":null}},"11":{"start":{"line":81,"column":21},"end":{"line":81,"column":null}},"12":{"start":{"line":82,"column":4},"end":{"line":82,"column":null}},"13":{"start":{"line":88,"column":21},"end":{"line":90,"column":null}},"14":{"start":{"line":91,"column":4},"end":{"line":91,"column":null}},"15":{"start":{"line":96,"column":21},"end":{"line":96,"column":null}},"16":{"start":{"line":97,"column":4},"end":{"line":97,"column":null}}},"fnMap":{"0":{"name":"(anonymous_0)","decl":{"start":{"line":41,"column":32},"end":{"line":41,"column":44}},"loc":{"start":{"line":41,"column":44},"end":{"line":44,"column":null}},"line":41},"1":{"name":"(anonymous_1)","decl":{"start":{"line":47,"column":31},"end":{"line":47,"column":43}},"loc":{"start":{"line":47,"column":43},"end":{"line":50,"column":null}},"line":47},"2":{"name":"(anonymous_2)","decl":{"start":{"line":53,"column":15},"end":{"line":53,"column":22}},"loc":{"start":{"line":53,"column":65},"end":{"line":59,"column":null}},"line":53},"3":{"name":"(anonymous_3)","decl":{"start":{"line":62,"column":18},"end":{"line":62,"column":25}},"loc":{"start":{"line":62,"column":50},"end":{"line":65,"column":null}},"line":62},"4":{"name":"(anonymous_4)","decl":{"start":{"line":68,"column":17},"end":{"line":68,"column":24}},"loc":{"start":{"line":68,"column":181},"end":{"line":77,"column":null}},"line":68},"5":{"name":"(anonymous_5)","decl":{"start":{"line":80,"column":17},"end":{"line":80,"column":29}},"loc":{"start":{"line":80,"column":29},"end":{"line":83,"column":null}},"line":80},"6":{"name":"(anonymous_6)","decl":{"start":{"line":87,"column":23},"end":{"line":87,"column":30}},"loc":{"start":{"line":87,"column":51},"end":{"line":92,"column":null}},"line":87},"7":{"name":"(anonymous_7)","decl":{"start":{"line":95,"column":11},"end":{"line":95,"column":18}},"loc":{"start":{"line":95,"column":33},"end":{"line":98,"column":null}},"line":95}},"branchMap":{},"s":{"0":1,"1":1,"2":1,"3":1,"4":1,"5":1,"6":1,"7":1,"8":1,"9":1,"10":1,"11":1,"12":1,"13":1,"14":1,"15":1,"16":1},"f":{"0":1,"1":1,"2":1,"3":1,"4":1,"5":1,"6":1,"7":1},"b":{},"meta":{"lastBranch":0,"lastFunction":8,"lastStatement":17,"seen":{"s:39:41:99:Infinity":0,"f:41:32:41:44":0,"s:42:21:42:Infinity":1,"s:43:4:43:Infinity":2,"f:47:31:47:43":1,"s:48:21:48:Infinity":3,"s:49:4:49:Infinity":4,"f:53:15:53:22":2,"s:54:21:57:Infinity":5,"s:58:4:58:Infinity":6,"f:62:18:62:25":3,"s:63:21:63:Infinity":7,"s:64:4:64:Infinity":8,"f:68:17:68:24":4,"s:69:21:75:Infinity":9,"s:76:4:76:Infinity":10,"f:80:17:80:29":5,"s:81:21:81:Infinity":11,"s:82:4:82:Infinity":12,"f:87:23:87:30":6,"s:88:21:90:Infinity":13,"s:91:4:91:Infinity":14,"f:95:11:95:18":7,"s:96:21:96:Infinity":15,"s:97:4:97:Infinity":16},"fnNames":{}}}
}
